TN:
SF:src\module\notification-dispatcher\application\dto\notification-dispatcher\event\listener-resource-catalog-event.dto.ts
FN:255,(anonymous_2)
FNF:1
FNH:0
FNDA:0,(anonymous_2)
DA:1,1
DA:2,1
DA:4,1
DA:5,1
DA:6,1
DA:13,1
DA:21,1
DA:29,1
DA:35,1
DA:41,1
DA:49,1
DA:55,1
DA:61,1
DA:69,1
DA:75,1
DA:81,1
DA:89,1
DA:95,1
DA:101,1
DA:106,1
DA:112,1
DA:118,1
DA:124,1
DA:130,1
DA:136,1
DA:143,1
DA:150,1
DA:157,1
DA:163,1
DA:169,1
DA:177,1
DA:186,1
DA:192,1
DA:198,1
DA:207,1
DA:210,1
DA:216,1
DA:219,1
DA:225,1
DA:228,1
DA:234,1
DA:237,1
DA:242,1
DA:248,1
DA:251,1
DA:262,0
DA:266,0
DA:267,0
DA:277,0
DA:280,0
LF:50
LH:45
BRDA:260,0,0,0
BRDA:266,1,0,0
BRDA:266,1,1,0
BRF:3
BRH:0
end_of_record
TN:
SF:src\module\notification-dispatcher\infra\message-broker\rmq\notification-dispatcher\rmq-notification-dispatcher-event.service.ts
FN:34,(anonymous_3)
FN:39,(anonymous_4)
FN:43,(anonymous_5)
FN:62,(anonymous_6)
FN:76,(anonymous_7)
FN:94,(anonymous_8)
FN:99,(anonymous_9)
FN:106,(anonymous_10)
FN:137,(anonymous_11)
FN:142,(anonymous_12)
FN:193,(anonymous_13)
FN:211,(anonymous_14)
FN:229,(anonymous_15)
FN:255,(anonymous_16)
FNF:14
FNH:0
FNDA:0,(anonymous_3)
FNDA:0,(anonymous_4)
FNDA:0,(anonymous_5)
FNDA:0,(anonymous_6)
FNDA:0,(anonymous_7)
FNDA:0,(anonymous_8)
FNDA:0,(anonymous_9)
FNDA:0,(anonymous_10)
FNDA:0,(anonymous_11)
FNDA:0,(anonymous_12)
FNDA:0,(anonymous_13)
FNDA:0,(anonymous_14)
FNDA:0,(anonymous_15)
FNDA:0,(anonymous_16)
DA:1,2
DA:2,2
DA:4,2
DA:11,2
DA:15,2
DA:16,2
DA:17,2
DA:18,2
DA:19,2
DA:22,2
DA:25,0
DA:29,0
DA:35,0
DA:36,0
DA:40,0
DA:42,0
DA:44,0
DA:52,0
DA:62,0
DA:63,0
DA:64,0
DA:73,0
DA:76,0
DA:77,0
DA:78,0
DA:81,0
DA:83,0
DA:95,0
DA:96,0
DA:104,0
DA:105,0
DA:106,0
DA:109,0
DA:112,0
DA:115,0
DA:117,0
DA:132,0
DA:133,0
DA:136,0
DA:137,0
DA:143,0
DA:199,0
DA:212,0
DA:225,0
DA:232,0
DA:250,0
DA:251,0
DA:252,0
DA:256,0
DA:282,0
DA:283,0
DA:284,0
LF:52
LH:10
BRDA:102,0,0,0
BRDA:105,1,0,0
BRDA:105,1,1,0
BRDA:112,2,0,0
BRDA:112,2,1,0
BRDA:115,3,0,0
BRDA:115,3,1,0
BRDA:132,4,0,0
BRDA:132,4,1,0
BRDA:262,5,0,0
BRDA:262,5,1,0
BRF:11
BRH:0
end_of_record
TN:
SF:src\module\notification-dispatcher\infra\presentation\http\controller\notification-listener\notification-listener.controller.ts
FN:26,(anonymous_4)
FN:46,(anonymous_5)
FNF:2
FNH:2
FNDA:1,(anonymous_4)
FNDA:1,(anonymous_5)
DA:1,1
DA:2,1
DA:9,1
DA:14,1
DA:18,1
DA:26,1
DA:29,1
DA:46,1
DA:50,1
LF:9
LH:9
BRF:0
BRH:0
end_of_record
TN:
SF:src\module\notification-dispatcher\infra\provider\notification-dispatcher-event\notification-dispatcher.provider.ts
FN:13,(anonymous_4)
FN:18,(anonymous_5)
FNF:2
FNH:2
FNDA:4,(anonymous_4)
FNDA:18,(anonymous_5)
DA:1,2
DA:5,2
DA:6,2
DA:9,2
DA:12,2
DA:15,4
DA:22,18
DA:23,1
DA:28,17
LF:9
LH:9
BRDA:22,0,0,1
BRDA:22,0,1,17
BRDA:30,1,0,17
BRDA:30,1,1,16
BRF:4
BRH:4
end_of_record
TN:
SF:src\module\resource-catalog\application\dto\common\request\tmf-list-query.dto.ts
FN:10,(anonymous_2)
FN:20,(anonymous_3)
FNF:2
FNH:2
FNDA:1,(anonymous_2)
FNDA:1,(anonymous_3)
DA:1,4
DA:2,4
DA:3,4
DA:5,4
DA:10,1
DA:14,4
DA:20,1
DA:25,4
DA:33,4
LF:9
LH:9
BRF:0
BRH:0
end_of_record
TN:
SF:src\module\resource-catalog\application\dto\event\tmf634-event.dto.ts
FN:13,createEventEnvelope
FNF:1
FNH:1
FNDA:20,createEventEnvelope
DA:2,8
DA:13,8
DA:17,20
LF:3
LH:3
BRF:0
BRH:0
end_of_record
TN:
SF:src\module\resource-catalog\application\dto\hub\request\create-hub.dto.ts
FNF:0
FNH:0
DA:1,1
DA:2,1
DA:11,1
DA:12,1
DA:14,1
DA:22,1
DA:29,1
DA:39,1
DA:49,1
DA:57,1
DA:62,1
DA:68,1
LF:12
LH:12
BRF:0
BRH:0
end_of_record
TN:
SF:src\module\resource-catalog\application\dto\hub\request\list-hub.dto.ts
FN:9,(anonymous_2)
FN:77,(anonymous_3)
FNF:2
FNH:0
FNDA:0,(anonymous_2)
FNDA:0,(anonymous_3)
DA:1,1
DA:2,1
DA:3,1
DA:5,1
DA:6,1
DA:8,1
DA:12,0
DA:13,0
DA:14,0
DA:15,0
DA:16,0
DA:24,0
DA:27,0
DA:36,1
DA:46,1
DA:54,1
DA:62,1
DA:71,1
DA:78,0
DA:79,0
DA:82,0
DA:83,0
DA:86,0
DA:90,1
DA:99,1
DA:108,1
DA:117,1
DA:126,1
LF:28
LH:16
BRDA:13,0,0,0
BRDA:13,0,1,0
BRDA:16,1,0,0
BRDA:16,1,1,0
BRDA:17,2,0,0
BRDA:17,2,1,0
BRDA:19,3,0,0
BRDA:19,3,1,0
BRDA:78,4,0,0
BRDA:78,4,1,0
BRDA:78,5,0,0
BRDA:78,5,1,0
BRDA:78,5,2,0
BRDA:82,6,0,0
BRDA:82,6,1,0
BRF:15
BRH:0
end_of_record
TN:
SF:src\module\resource-catalog\application\dto\hub\response\hub.dto.ts
FNF:0
FNH:0
DA:1,1
DA:3,1
DA:5,1
DA:7,1
DA:10,1
DA:15,1
DA:22,1
DA:29,1
DA:32,1
DA:38,1
DA:44,1
DA:50,1
DA:53,1
DA:56,1
DA:59,1
LF:15
LH:15
BRF:0
BRH:0
end_of_record
TN:
SF:src\module\resource-catalog\application\dto\resource-catalog\request\create-resource-catalog.dto.ts
FN:102,(anonymous_2)
FNF:1
FNH:1
FNDA:2,(anonymous_2)
DA:1,1
DA:2,1
DA:3,1
DA:13,1
DA:14,1
DA:23,4
DA:33,1
DA:36,1
DA:44,1
DA:53,1
DA:61,2
DA:70,2
DA:78,2
DA:86,2
DA:95,1
DA:102,2
DA:104,1
DA:105,2
LF:18
LH:18
BRF:0
BRH:0
end_of_record
TN:
SF:src\module\resource-catalog\application\dto\resource-catalog\request\list-resource-catalog-query.dto.ts
FN:10,(anonymous_2)
FNF:1
FNH:0
FNDA:0,(anonymous_2)
DA:1,1
DA:2,1
DA:3,1
DA:5,1
DA:6,1
DA:7,1
DA:9,1
DA:13,0
DA:14,0
DA:15,0
DA:16,0
DA:17,0
DA:25,0
DA:28,0
DA:37,1
DA:47,1
DA:55,1
DA:63,1
DA:71,1
DA:79,1
DA:87,1
DA:95,1
DA:103,1
DA:111,1
DA:119,1
LF:25
LH:18
BRDA:14,0,0,0
BRDA:14,0,1,0
BRDA:17,1,0,0
BRDA:17,1,1,0
BRDA:18,2,0,0
BRDA:18,2,1,0
BRDA:20,3,0,0
BRDA:20,3,1,0
BRF:8
BRH:0
end_of_record
TN:
SF:src\module\resource-catalog\application\dto\resource-catalog\request\patch-resource-catalog.dto.ts
FN:103,(anonymous_2)
FNF:1
FNH:0
FNDA:0,(anonymous_2)
DA:1,1
DA:2,1
DA:3,1
DA:12,1
DA:13,1
DA:22,1
DA:32,1
DA:35,1
DA:43,1
DA:52,1
DA:60,1
DA:69,1
DA:78,1
DA:87,1
DA:96,1
DA:103,0
DA:105,1
LF:17
LH:16
BRF:0
BRH:0
end_of_record
TN:
SF:src\module\resource-catalog\application\dto\resource-catalog\response\resource-catalog.dto.ts
FN:23,(anonymous_2)
FNF:1
FNH:1
FNDA:6,(anonymous_2)
DA:1,2
DA:3,2
DA:4,2
DA:11,2
DA:19,2
DA:22,2
DA:24,6
DA:25,6
DA:32,2
DA:38,2
DA:44,2
DA:50,2
DA:56,2
DA:62,2
DA:68,2
DA:74,2
DA:80,2
DA:86,2
DA:92,2
DA:98,2
DA:104,2
LF:21
LH:21
BRF:0
BRH:0
end_of_record
TN:
SF:src\module\resource-catalog\application\dto\resource-category\request\create-resource-category.dto.ts
FN:122,(anonymous_2)
FN:134,(anonymous_3)
FNF:2
FNH:1
FNDA:2,(anonymous_2)
FNDA:0,(anonymous_3)
DA:1,1
DA:2,1
DA:3,1
DA:14,1
DA:15,1
DA:24,1
DA:34,4
DA:44,1
DA:47,1
DA:55,1
DA:64,1
DA:72,2
DA:81,2
DA:90,1
DA:98,2
DA:106,2
DA:115,1
DA:122,2
DA:124,1
DA:125,2
DA:134,0
DA:135,1
LF:22
LH:21
BRF:0
BRH:0
end_of_record
TN:
SF:src\module\resource-catalog\application\dto\resource-category\request\list-resource-category-query.dto.ts
FN:10,(anonymous_2)
FNF:1
FNH:0
FNDA:0,(anonymous_2)
DA:1,1
DA:2,1
DA:3,1
DA:5,1
DA:6,1
DA:7,1
DA:9,1
DA:13,0
DA:14,0
DA:15,0
DA:16,0
DA:17,0
DA:25,0
DA:28,0
DA:37,1
DA:47,1
DA:55,1
DA:63,1
DA:71,1
DA:79,1
DA:87,1
DA:95,1
DA:103,1
DA:111,1
DA:119,1
DA:127,1
DA:135,1
LF:27
LH:20
BRDA:14,0,0,0
BRDA:14,0,1,0
BRDA:17,1,0,0
BRDA:17,1,1,0
BRDA:18,2,0,0
BRDA:18,2,1,0
BRDA:20,3,0,0
BRDA:20,3,1,0
BRF:8
BRH:0
end_of_record
TN:
SF:src\module\resource-catalog\application\dto\resource-category\request\patch-resource-category.dto.ts
FN:124,(anonymous_2)
FN:135,(anonymous_3)
FNF:2
FNH:0
FNDA:0,(anonymous_2)
FNDA:0,(anonymous_3)
DA:1,1
DA:2,1
DA:3,1
DA:13,1
DA:14,1
DA:24,1
DA:34,1
DA:44,1
DA:47,1
DA:55,1
DA:64,1
DA:72,1
DA:81,1
DA:90,1
DA:99,1
DA:108,1
DA:117,1
DA:124,0
DA:126,1
DA:135,0
DA:136,1
LF:21
LH:19
BRF:0
BRH:0
end_of_record
TN:
SF:src\module\resource-catalog\application\dto\resource-category\response\resource-category.dto.ts
FN:43,(anonymous_2)
FNF:1
FNH:1
FNDA:6,(anonymous_2)
DA:1,2
DA:3,2
DA:4,2
DA:11,2
DA:19,2
DA:27,2
DA:33,2
DA:39,2
DA:42,2
DA:44,6
DA:45,6
DA:52,2
DA:58,2
DA:64,2
DA:70,2
DA:76,2
DA:82,2
DA:88,2
DA:95,2
DA:101,2
DA:107,2
DA:113,2
DA:119,2
DA:125,2
DA:131,2
LF:25
LH:25
BRF:0
BRH:0
end_of_record
TN:
SF:src\module\resource-catalog\application\dto\resource-specification\request\create-resource-specification.dto.ts
FN:162,(anonymous_2)
FN:174,(anonymous_3)
FN:184,(anonymous_4)
FN:194,(anonymous_5)
FNF:4
FNH:1
FNDA:2,(anonymous_2)
FNDA:0,(anonymous_3)
FNDA:0,(anonymous_4)
FNDA:0,(anonymous_5)
DA:1,1
DA:2,1
DA:3,1
DA:14,1
DA:15,1
DA:24,4
DA:34,1
DA:45,1
DA:56,1
DA:67,1
DA:76,1
DA:83,1
DA:86,1
DA:94,1
DA:103,1
DA:111,2
DA:120,2
DA:129,1
DA:137,2
DA:145,2
DA:155,1
DA:162,2
DA:164,1
DA:165,2
DA:174,0
DA:175,1
DA:184,0
DA:185,1
DA:194,0
DA:196,1
LF:30
LH:27
BRF:0
BRH:0
end_of_record
TN:
SF:src\module\resource-catalog\application\dto\resource-specification\request\list-resource-specification-query.dto.ts
FN:10,(anonymous_2)
FNF:1
FNH:0
FNDA:0,(anonymous_2)
DA:1,1
DA:2,1
DA:3,1
DA:5,1
DA:6,1
DA:7,1
DA:9,1
DA:16,0
DA:17,0
DA:18,0
DA:19,0
DA:20,0
DA:28,0
DA:31,0
DA:40,1
DA:53,1
DA:61,1
DA:69,1
DA:77,1
DA:85,1
DA:93,1
DA:101,1
DA:109,1
DA:117,1
DA:125,1
DA:133,1
DA:141,1
DA:149,1
DA:157,1
DA:165,1
LF:30
LH:23
BRDA:17,0,0,0
BRDA:17,0,1,0
BRDA:20,1,0,0
BRDA:20,1,1,0
BRDA:21,2,0,0
BRDA:21,2,1,0
BRDA:23,3,0,0
BRDA:23,3,1,0
BRF:8
BRH:0
end_of_record
TN:
SF:src\module\resource-catalog\application\dto\resource-specification\request\patch-resource-specification.dto.ts
FN:163,(anonymous_2)
FN:174,(anonymous_3)
FN:185,(anonymous_4)
FN:196,(anonymous_5)
FNF:4
FNH:0
FNDA:0,(anonymous_2)
FNDA:0,(anonymous_3)
FNDA:0,(anonymous_4)
FNDA:0,(anonymous_5)
DA:1,1
DA:2,1
DA:3,1
DA:13,1
DA:14,1
DA:23,1
DA:33,1
DA:44,1
DA:55,1
DA:66,1
DA:75,1
DA:82,1
DA:85,1
DA:93,1
DA:102,1
DA:110,1
DA:119,1
DA:128,1
DA:137,1
DA:146,1
DA:156,1
DA:163,0
DA:165,1
DA:174,0
DA:176,1
DA:185,0
DA:187,1
DA:196,0
DA:198,1
LF:29
LH:25
BRF:0
BRH:0
end_of_record
TN:
SF:src\module\resource-catalog\application\dto\resource-specification\response\resource-specification.dto.ts
FN:63,(anonymous_2)
FNF:1
FNH:1
FNDA:6,(anonymous_2)
DA:1,2
DA:3,2
DA:4,2
DA:11,2
DA:19,2
DA:27,2
DA:33,2
DA:39,2
DA:47,2
DA:53,2
DA:59,2
DA:62,2
DA:64,6
DA:65,6
DA:72,2
DA:78,2
DA:84,2
DA:89,2
DA:95,2
DA:100,2
DA:105,2
DA:111,2
DA:118,2
DA:125,2
DA:130,2
DA:135,2
DA:140,2
DA:145,2
DA:150,2
DA:155,2
LF:30
LH:30
BRF:0
BRH:0
end_of_record
TN:
SF:src\module\resource-catalog\application\port\audit.repository.ts
FNF:0
FNH:0
DA:4,5
LF:1
LH:1
BRF:0
BRH:0
end_of_record
TN:
SF:src\module\resource-catalog\application\port\event-dispatcher.port.ts
FNF:0
FNH:0
DA:22,7
LF:1
LH:1
BRF:0
BRH:0
end_of_record
TN:
SF:src\module\resource-catalog\application\port\hub-subscription.repository.ts
FNF:0
FNH:0
DA:6,3
LF:1
LH:1
BRF:0
BRH:0
end_of_record
TN:
SF:src\module\resource-catalog\application\port\resource-candidate.repository.ts
FNF:0
FNH:0
DA:4,3
LF:1
LH:1
BRF:0
BRH:0
end_of_record
TN:
SF:src\module\resource-catalog\application\port\resource-catalog.repository.ts
FNF:0
FNH:0
DA:4,6
LF:1
LH:1
BRF:0
BRH:0
end_of_record
TN:
SF:src\module\resource-catalog\application\port\resource-category.repository.ts
FNF:0
FNH:0
DA:4,4
LF:1
LH:1
BRF:0
BRH:0
end_of_record
TN:
SF:src\module\resource-catalog\application\port\resource-specification.repository.ts
FNF:0
FNH:0
DA:4,2
LF:1
LH:1
BRF:0
BRH:0
end_of_record
TN:
SF:src\module\resource-catalog\application\usecase\audit\create-audit.usecase.ts
FN:23,(anonymous_4)
FN:30,(anonymous_5)
FNF:2
FNH:2
FNDA:3,(anonymous_4)
FNDA:3,(anonymous_5)
DA:1,5
DA:3,5
DA:10,5
DA:11,5
DA:12,5
DA:22,5
DA:25,3
DA:27,3
DA:31,3
DA:40,3
DA:41,3
DA:43,1
LF:12
LH:12
BRDA:33,0,0,3
BRDA:33,0,1,1
BRF:2
BRH:2
end_of_record
TN:
SF:src\module\resource-catalog\application\usecase\audit\get-audit.usecase.ts
FN:16,(anonymous_4)
FN:23,(anonymous_5)
FNF:2
FNH:2
FNDA:3,(anonymous_4)
FNDA:3,(anonymous_5)
DA:1,1
DA:3,1
DA:8,1
DA:9,1
DA:10,1
DA:15,1
DA:18,3
DA:20,3
DA:24,3
DA:26,3
DA:27,3
DA:29,2
DA:30,1
DA:37,1
DA:39,1
DA:50,1
LF:16
LH:16
BRDA:29,0,0,1
BRDA:29,0,1,1
BRF:2
BRH:2
end_of_record
TN:
SF:src\module\resource-catalog\application\usecase\audit\list-audit.usecase.ts
FN:23,(anonymous_4)
FN:30,(anonymous_5)
FNF:2
FNH:2
FNDA:3,(anonymous_4)
FNDA:3,(anonymous_5)
DA:1,1
DA:4,1
DA:11,1
DA:12,1
DA:13,1
DA:14,1
DA:22,1
DA:25,3
DA:27,3
DA:31,3
DA:33,3
DA:34,3
DA:35,3
DA:50,2
DA:52,1
DA:63,1
LF:16
LH:16
BRF:0
BRH:0
end_of_record
TN:
SF:src\module\resource-catalog\application\usecase\hub\create-hub.usecase.ts
FN:21,(anonymous_4)
FN:28,(anonymous_5)
FNF:2
FNH:2
FNDA:6,(anonymous_4)
FNDA:6,(anonymous_5)
DA:1,2
DA:4,2
DA:8,2
DA:10,2
DA:11,2
DA:12,2
DA:13,2
DA:14,2
DA:15,2
DA:20,2
DA:23,6
DA:25,6
DA:29,6
DA:31,6
DA:32,6
DA:33,1
DA:38,5
DA:39,1
DA:43,1
DA:44,1
DA:48,4
DA:52,3
DA:53,1
DA:70,2
DA:72,2
DA:77,1
DA:80,1
DA:86,1
DA:88,1
DA:99,1
LF:30
LH:30
BRDA:32,0,0,1
BRDA:32,0,1,5
BRDA:38,1,0,1
BRDA:38,1,1,4
BRDA:43,2,0,1
BRDA:43,2,1,0
BRDA:52,3,0,1
BRDA:52,3,1,2
BRDA:72,4,0,1
BRDA:72,4,1,1
BRDA:73,5,0,2
BRDA:73,5,1,1
BRDA:73,5,2,1
BRF:13
BRH:12
end_of_record
TN:
SF:src\module\resource-catalog\application\usecase\hub\delete-hub.usecase.ts
FN:10,(anonymous_4)
FN:15,(anonymous_5)
FNF:2
FNH:2
FNDA:2,(anonymous_4)
FNDA:2,(anonymous_5)
DA:1,2
DA:3,2
DA:9,2
DA:12,2
DA:16,2
DA:18,2
DA:19,1
DA:24,1
LF:8
LH:8
BRDA:18,0,0,1
BRDA:18,0,1,1
BRF:2
BRH:2
end_of_record
TN:
SF:src\module\resource-catalog\application\usecase\hub\list-hub.usecase.ts
FN:23,(anonymous_4)
FN:30,(anonymous_5)
FNF:2
FNH:2
FNDA:1,(anonymous_4)
FNDA:1,(anonymous_5)
DA:1,2
DA:4,2
DA:11,2
DA:12,2
DA:13,2
DA:14,2
DA:22,2
DA:25,1
DA:27,1
DA:31,1
DA:33,1
DA:34,1
DA:35,1
DA:52,1
DA:54,0
DA:65,0
LF:16
LH:14
BRF:0
BRH:0
end_of_record
TN:
SF:src\module\resource-catalog\application\usecase\resource-candidate\get-resource-candidate.usecase.ts
FN:19,(anonymous_4)
FN:26,(anonymous_5)
FNF:2
FNH:2
FNDA:3,(anonymous_4)
FNDA:3,(anonymous_5)
DA:1,1
DA:3,1
DA:8,1
DA:9,1
DA:10,1
DA:18,1
DA:21,3
DA:23,3
DA:27,3
DA:29,3
DA:30,3
DA:32,2
DA:33,1
DA:40,1
DA:42,1
DA:53,1
LF:16
LH:16
BRDA:32,0,0,1
BRDA:32,0,1,1
BRF:2
BRH:2
end_of_record
TN:
SF:src\module\resource-catalog\application\usecase\resource-candidate\list-resource-candidate.usecase.ts
FN:23,(anonymous_4)
FN:30,(anonymous_5)
FNF:2
FNH:2
FNDA:3,(anonymous_4)
FNDA:3,(anonymous_5)
DA:1,1
DA:4,1
DA:11,1
DA:12,1
DA:13,1
DA:14,1
DA:22,1
DA:25,3
DA:27,3
DA:33,3
DA:35,3
DA:36,3
DA:37,3
DA:56,2
DA:58,1
DA:69,1
LF:16
LH:16
BRF:0
BRH:0
end_of_record
TN:
SF:src\module\resource-catalog\application\usecase\resource-candidate\patch-resource-candidate.usecase.ts
FN:31,(anonymous_4)
FN:40,(anonymous_5)
FN:124,(anonymous_6)
FNF:3
FNH:3
FNDA:6,(anonymous_4)
FNDA:6,(anonymous_5)
FNDA:4,(anonymous_6)
DA:1,1
DA:8,1
DA:10,1
DA:14,1
DA:18,1
DA:20,1
DA:21,1
DA:22,1
DA:30,1
DA:33,6
DA:35,6
DA:37,6
DA:44,6
DA:46,6
DA:47,6
DA:49,5
DA:50,1
DA:57,4
DA:59,4
DA:60,1
DA:67,3
DA:68,0
DA:69,0
DA:70,0
DA:71,0
DA:79,3
DA:81,3
DA:83,3
DA:84,1
DA:91,2
DA:92,1
DA:99,1
DA:107,2
DA:109,1
DA:120,1
DA:127,4
DA:129,4
DA:130,2
DA:132,4
DA:133,0
DA:135,4
DA:136,1
DA:138,4
DA:139,0
DA:141,4
DA:142,0
DA:144,4
DA:145,0
DA:147,4
DA:148,0
DA:151,4
LF:51
LH:42
BRDA:49,0,0,1
BRDA:49,0,1,4
BRDA:59,1,0,1
BRDA:59,1,1,3
BRDA:67,2,0,0
BRDA:67,2,1,3
BRDA:67,3,0,3
BRDA:67,3,1,0
BRDA:70,4,0,0
BRDA:70,4,1,0
BRDA:83,5,0,1
BRDA:83,5,1,2
BRDA:91,6,0,1
BRDA:91,6,1,1
BRDA:129,7,0,2
BRDA:129,7,1,2
BRDA:132,8,0,0
BRDA:132,8,1,4
BRDA:135,9,0,1
BRDA:135,9,1,3
BRDA:138,10,0,0
BRDA:138,10,1,4
BRDA:141,11,0,0
BRDA:141,11,1,4
BRDA:144,12,0,0
BRDA:144,12,1,4
BRDA:147,13,0,0
BRDA:147,13,1,4
BRF:28
BRH:19
end_of_record
TN:
SF:src\module\resource-catalog\application\usecase\resource-catalog\create-resource-catalog.usecase.ts
FN:29,(anonymous_4)
FN:38,(anonymous_5)
FNF:2
FNH:2
FNDA:1,(anonymous_4)
FNDA:1,(anonymous_5)
DA:1,2
DA:3,2
DA:5,2
DA:9,2
DA:13,2
DA:15,2
DA:16,2
DA:18,2
DA:19,2
DA:20,2
DA:28,2
DA:31,1
DA:33,1
DA:35,1
DA:42,1
DA:44,1
DA:45,1
DA:46,0
DA:47,0
DA:48,0
DA:49,0
DA:57,1
DA:58,1
DA:59,1
DA:74,1
DA:83,1
DA:85,0
DA:96,0
LF:28
LH:22
BRDA:45,0,0,0
BRDA:45,0,1,1
BRDA:45,1,0,1
BRDA:45,1,1,1
BRDA:48,2,0,0
BRDA:48,2,1,0
BRF:6
BRH:3
end_of_record
TN:
SF:src\module\resource-catalog\application\usecase\resource-catalog\get-resource-catalog.usecase.ts
FN:19,(anonymous_4)
FN:26,(anonymous_5)
FNF:2
FNH:2
FNDA:3,(anonymous_4)
FNDA:3,(anonymous_5)
DA:1,2
DA:3,2
DA:8,2
DA:9,2
DA:10,2
DA:18,2
DA:21,3
DA:23,3
DA:27,3
DA:29,3
DA:30,3
DA:32,2
DA:33,1
DA:40,1
DA:42,1
DA:53,1
LF:16
LH:16
BRDA:32,0,0,1
BRDA:32,0,1,1
BRF:2
BRH:2
end_of_record
TN:
SF:src\module\resource-catalog\application\usecase\resource-catalog\list-resource-catalog.usecase.ts
FN:23,(anonymous_4)
FN:30,(anonymous_5)
FNF:2
FNH:2
FNDA:3,(anonymous_4)
FNDA:3,(anonymous_5)
DA:1,2
DA:4,2
DA:11,2
DA:12,2
DA:13,2
DA:14,2
DA:22,2
DA:25,3
DA:27,3
DA:33,3
DA:35,3
DA:36,3
DA:37,3
DA:55,2
DA:57,1
DA:68,1
LF:16
LH:16
BRF:0
BRH:0
end_of_record
TN:
SF:src\module\resource-catalog\application\usecase\resource-catalog\patch-resource-catalog.usecase.ts
FN:31,(anonymous_4)
FN:40,(anonymous_5)
FN:128,(anonymous_6)
FNF:3
FNH:3
FNDA:7,(anonymous_4)
FNDA:7,(anonymous_5)
FNDA:5,(anonymous_6)
DA:1,2
DA:8,2
DA:10,2
DA:14,2
DA:18,2
DA:20,2
DA:21,2
DA:22,2
DA:30,2
DA:33,7
DA:35,7
DA:37,7
DA:44,7
DA:46,7
DA:47,7
DA:49,6
DA:50,1
DA:57,5
DA:59,5
DA:60,1
DA:67,4
DA:68,1
DA:69,1
DA:70,1
DA:71,1
DA:79,3
DA:81,3
DA:83,3
DA:84,1
DA:91,2
DA:92,1
DA:101,1
DA:111,2
DA:113,1
DA:124,1
DA:132,5
DA:134,5
DA:135,2
DA:137,5
DA:138,0
DA:140,5
DA:141,1
DA:143,5
DA:144,0
DA:146,5
DA:147,0
DA:149,5
DA:150,0
DA:152,5
DA:153,0
DA:156,5
DA:157,1
DA:163,5
LF:53
LH:48
BRDA:49,0,0,1
BRDA:49,0,1,5
BRDA:59,1,0,1
BRDA:59,1,1,4
BRDA:67,2,0,1
BRDA:67,2,1,3
BRDA:67,3,0,4
BRDA:67,3,1,1
BRDA:70,4,0,1
BRDA:70,4,1,0
BRDA:83,5,0,1
BRDA:83,5,1,2
BRDA:91,6,0,1
BRDA:91,6,1,1
BRDA:134,7,0,2
BRDA:134,7,1,3
BRDA:137,8,0,0
BRDA:137,8,1,5
BRDA:140,9,0,1
BRDA:140,9,1,4
BRDA:143,10,0,0
BRDA:143,10,1,5
BRDA:146,11,0,0
BRDA:146,11,1,5
BRDA:149,12,0,0
BRDA:149,12,1,5
BRDA:152,13,0,0
BRDA:152,13,1,5
BRDA:156,14,0,1
BRDA:156,14,1,4
BRF:30
BRH:24
end_of_record
TN:
SF:src\module\resource-catalog\application\usecase\resource-category\create-resource-category.usecase.ts
FN:38,(anonymous_4)
FN:49,(anonymous_5)
FN:116,(anonymous_6)
FN:122,(anonymous_7)
FN:123,(anonymous_8)
FN:137,(anonymous_9)
FN:137,(anonymous_10)
FNF:7
FNH:7
FNDA:1,(anonymous_4)
FNDA:1,(anonymous_5)
FNDA:1,(anonymous_6)
FNDA:1,(anonymous_7)
FNDA:1,(anonymous_8)
FNDA:1,(anonymous_9)
FNDA:1,(anonymous_10)
DA:1,2
DA:7,2
DA:9,2
DA:13,2
DA:17,2
DA:19,2
DA:20,2
DA:22,2
DA:23,2
DA:24,2
DA:26,2
DA:37,2
DA:40,1
DA:42,1
DA:44,1
DA:46,1
DA:53,1
DA:55,1
DA:56,1
DA:57,1
DA:59,1
DA:60,0
DA:61,0
DA:62,0
DA:63,0
DA:71,1
DA:73,1
DA:90,1
DA:99,1
DA:101,0
DA:112,0
DA:119,1
DA:122,1
DA:123,1
DA:127,1
DA:128,0
DA:133,1
DA:136,1
DA:137,1
DA:140,1
DA:141,0
LF:41
LH:33
BRDA:59,0,0,0
BRDA:59,0,1,1
BRDA:59,1,0,1
BRDA:59,1,1,1
BRDA:62,2,0,0
BRDA:62,2,1,0
BRDA:127,3,0,0
BRDA:127,3,1,1
BRDA:140,4,0,0
BRDA:140,4,1,1
BRF:10
BRH:5
end_of_record
TN:
SF:src\module\resource-catalog\application\usecase\resource-category\get-resource-category.usecase.ts
FN:24,(anonymous_4)
FN:33,(anonymous_5)
FN:49,(anonymous_6)
FN:52,(anonymous_7)
FNF:4
FNH:4
FNDA:3,(anonymous_4)
FNDA:3,(anonymous_5)
FNDA:1,(anonymous_6)
FNDA:1,(anonymous_7)
DA:1,2
DA:3,2
DA:8,2
DA:9,2
DA:10,2
DA:12,2
DA:23,2
DA:26,3
DA:28,3
DA:30,3
DA:34,3
DA:36,3
DA:37,3
DA:39,2
DA:40,1
DA:48,1
DA:49,1
DA:52,1
DA:58,1
DA:60,1
DA:71,1
LF:21
LH:21
BRDA:39,0,0,1
BRDA:39,0,1,1
BRF:2
BRH:2
end_of_record
TN:
SF:src\module\resource-catalog\application\usecase\resource-category\list-resource-category.usecase.ts
FN:28,(anonymous_4)
FN:37,(anonymous_5)
FN:66,(anonymous_6)
FN:67,(anonymous_7)
FN:72,(anonymous_8)
FN:73,(anonymous_9)
FN:74,(anonymous_10)
FNF:7
FNH:7
FNDA:2,(anonymous_4)
FNDA:2,(anonymous_5)
FNDA:1,(anonymous_6)
FNDA:1,(anonymous_7)
FNDA:1,(anonymous_8)
FNDA:1,(anonymous_9)
FNDA:1,(anonymous_10)
DA:1,2
DA:4,2
DA:11,2
DA:12,2
DA:13,2
DA:14,2
DA:16,2
DA:27,2
DA:30,2
DA:32,2
DA:34,2
DA:40,2
DA:42,2
DA:43,2
DA:44,2
DA:64,1
DA:67,1
DA:72,1
DA:73,1
DA:74,1
DA:76,1
DA:84,1
DA:86,1
DA:97,1
LF:24
LH:24
BRDA:78,0,0,1
BRDA:78,0,1,0
BRDA:79,1,0,1
BRDA:79,1,1,1
BRF:4
BRH:3
end_of_record
TN:
SF:src\module\resource-catalog\application\usecase\resource-category\patch-resource-category.usecase.ts
FN:36,(anonymous_4)
FN:47,(anonymous_5)
FN:139,(anonymous_6)
FN:180,(anonymous_7)
FN:190,(anonymous_8)
FN:191,(anonymous_9)
FN:205,(anonymous_10)
FN:205,(anonymous_11)
FNF:8
FNH:4
FNDA:9,(anonymous_4)
FNDA:9,(anonymous_5)
FNDA:7,(anonymous_6)
FNDA:7,(anonymous_7)
FNDA:0,(anonymous_8)
FNDA:0,(anonymous_9)
FNDA:0,(anonymous_10)
FNDA:0,(anonymous_11)
DA:1,2
DA:9,2
DA:11,2
DA:15,2
DA:19,2
DA:23,2
DA:25,2
DA:26,2
DA:27,2
DA:35,2
DA:38,9
DA:40,9
DA:42,9
DA:44,9
DA:51,9
DA:53,9
DA:54,9
DA:56,8
DA:57,1
DA:64,7
DA:68,7
DA:70,7
DA:71,2
DA:78,5
DA:79,1
DA:80,1
DA:81,1
DA:82,1
DA:90,4
DA:92,4
DA:94,4
DA:95,2
DA:102,2
DA:103,1
DA:112,1
DA:122,2
DA:124,1
DA:135,1
DA:143,7
DA:145,7
DA:146,3
DA:148,7
DA:149,0
DA:151,7
DA:152,1
DA:154,7
DA:155,0
DA:157,7
DA:158,0
DA:160,7
DA:161,0
DA:163,7
DA:164,0
DA:166,7
DA:167,0
DA:170,7
DA:171,1
DA:177,7
DA:183,7
DA:184,7
DA:187,0
DA:190,0
DA:191,0
DA:195,0
DA:196,0
DA:201,0
DA:204,0
DA:205,0
DA:208,0
DA:209,0
LF:70
LH:54
BRDA:56,0,0,1
BRDA:56,0,1,7
BRDA:65,1,0,7
BRDA:65,1,1,7
BRDA:70,2,0,2
BRDA:70,2,1,5
BRDA:78,3,0,1
BRDA:78,3,1,4
BRDA:78,4,0,5
BRDA:78,4,1,1
BRDA:81,5,0,1
BRDA:81,5,1,0
BRDA:94,6,0,2
BRDA:94,6,1,2
BRDA:102,7,0,1
BRDA:102,7,1,1
BRDA:145,8,0,3
BRDA:145,8,1,4
BRDA:148,9,0,0
BRDA:148,9,1,7
BRDA:151,10,0,1
BRDA:151,10,1,6
BRDA:154,11,0,0
BRDA:154,11,1,7
BRDA:157,12,0,0
BRDA:157,12,1,7
BRDA:160,13,0,0
BRDA:160,13,1,7
BRDA:163,14,0,0
BRDA:163,14,1,7
BRDA:166,15,0,0
BRDA:166,15,1,7
BRDA:170,16,0,1
BRDA:170,16,1,6
BRDA:183,17,0,7
BRDA:183,17,1,0
BRDA:195,18,0,0
BRDA:195,18,1,0
BRDA:208,19,0,0
BRDA:208,19,1,0
BRF:40
BRH:28
end_of_record
TN:
SF:src\module\resource-catalog\application\usecase\resource-specification\create-resource-specification.usecase.ts
FN:56,(anonymous_4)
FN:71,(anonymous_5)
FN:184,(anonymous_6)
FN:190,(anonymous_7)
FN:191,(anonymous_8)
FN:207,(anonymous_9)
FN:208,(anonymous_10)
FN:215,(anonymous_11)
FN:225,(anonymous_12)
FN:226,(anonymous_13)
FN:242,(anonymous_14)
FN:243,(anonymous_15)
FN:250,(anonymous_16)
FN:260,(anonymous_17)
FNF:14
FNH:11
FNDA:5,(anonymous_4)
FNDA:5,(anonymous_5)
FNDA:4,(anonymous_6)
FNDA:4,(anonymous_7)
FNDA:4,(anonymous_8)
FNDA:0,(anonymous_9)
FNDA:0,(anonymous_10)
FNDA:4,(anonymous_11)
FNDA:4,(anonymous_12)
FNDA:4,(anonymous_13)
FNDA:0,(anonymous_14)
FNDA:1,(anonymous_15)
FNDA:2,(anonymous_16)
FNDA:2,(anonymous_17)
DA:1,2
DA:9,2
DA:11,2
DA:15,2
DA:19,2
DA:23,2
DA:27,2
DA:28,2
DA:29,2
DA:30,2
DA:33,2
DA:34,2
DA:35,2
DA:37,2
DA:38,2
DA:39,2
DA:41,2
DA:55,2
DA:58,5
DA:60,5
DA:62,5
DA:64,5
DA:66,5
DA:68,5
DA:75,5
DA:77,5
DA:78,5
DA:80,5
DA:83,5
DA:90,5
DA:91,1
DA:98,4
DA:99,0
DA:100,0
DA:101,0
DA:102,0
DA:110,4
DA:111,4
DA:114,3
DA:119,3
DA:120,0
DA:127,3
DA:128,3
DA:129,1
DA:136,2
DA:137,2
DA:156,2
DA:158,2
DA:167,2
DA:169,1
DA:180,1
DA:187,4
DA:190,4
DA:191,4
DA:195,4
DA:196,0
DA:201,4
DA:206,4
DA:207,0
DA:208,0
DA:209,0
DA:218,4
DA:219,0
DA:222,4
DA:225,4
DA:226,4
DA:230,4
DA:231,0
DA:236,4
DA:241,4
DA:242,1
DA:243,1
DA:244,1
DA:254,2
DA:256,2
DA:257,0
DA:260,2
DA:264,2
DA:265,2
DA:266,0
DA:268,2
DA:269,2
DA:270,2
DA:287,2
DA:289,2
LF:85
LH:72
BRDA:90,0,0,1
BRDA:90,0,1,4
BRDA:98,1,0,0
BRDA:98,1,1,4
BRDA:98,2,0,4
BRDA:98,2,1,4
BRDA:101,3,0,0
BRDA:101,3,1,0
BRDA:119,4,0,0
BRDA:119,4,1,3
BRDA:128,5,0,1
BRDA:128,5,1,2
BRDA:195,6,0,0
BRDA:195,6,1,4
BRDA:206,7,0,0
BRDA:206,7,1,4
BRDA:218,8,0,0
BRDA:218,8,1,4
BRDA:230,9,0,0
BRDA:230,9,1,4
BRDA:241,10,0,1
BRDA:241,10,1,3
BRDA:254,11,0,2
BRDA:254,11,1,0
BRDA:256,12,0,0
BRDA:256,12,1,2
BRDA:260,13,0,2
BRDA:260,13,1,0
BRDA:265,14,0,0
BRDA:265,14,1,2
BRF:30
BRH:18
end_of_record
TN:
SF:src\module\resource-catalog\application\usecase\resource-specification\get-resource-specification.usecase.ts
FN:28,(anonymous_4)
FN:39,(anonymous_5)
FN:55,(anonymous_6)
FN:58,(anonymous_7)
FN:66,(anonymous_8)
FN:69,(anonymous_9)
FNF:6
FNH:6
FNDA:3,(anonymous_4)
FNDA:3,(anonymous_5)
FNDA:1,(anonymous_6)
FNDA:1,(anonymous_7)
FNDA:1,(anonymous_8)
FNDA:1,(anonymous_9)
DA:1,2
DA:3,2
DA:8,2
DA:9,2
DA:10,2
DA:12,2
DA:16,2
DA:27,2
DA:30,3
DA:32,3
DA:34,3
DA:36,3
DA:40,3
DA:42,3
DA:43,3
DA:45,2
DA:46,1
DA:54,1
DA:55,1
DA:58,1
DA:65,1
DA:66,1
DA:69,1
DA:75,1
DA:77,1
DA:88,1
LF:26
LH:26
BRDA:45,0,0,1
BRDA:45,0,1,1
BRF:2
BRH:2
end_of_record
TN:
SF:src\module\resource-catalog\application\usecase\resource-specification\list-resource-specification.usecase.ts
FN:32,(anonymous_4)
FN:43,(anonymous_5)
FN:78,(anonymous_6)
FN:79,(anonymous_7)
FN:87,(anonymous_8)
FN:88,(anonymous_9)
FN:93,(anonymous_10)
FN:94,(anonymous_11)
FN:95,(anonymous_12)
FN:103,(anonymous_13)
FN:104,(anonymous_14)
FNF:11
FNH:11
FNDA:3,(anonymous_4)
FNDA:3,(anonymous_5)
FNDA:1,(anonymous_6)
FNDA:1,(anonymous_7)
FNDA:1,(anonymous_8)
FNDA:1,(anonymous_9)
FNDA:1,(anonymous_10)
FNDA:1,(anonymous_11)
FNDA:1,(anonymous_12)
FNDA:1,(anonymous_13)
FNDA:1,(anonymous_14)
DA:1,2
DA:4,2
DA:11,2
DA:12,2
DA:13,2
DA:14,2
DA:16,2
DA:20,2
DA:31,2
DA:34,3
DA:36,3
DA:38,3
DA:40,3
DA:46,3
DA:48,3
DA:49,3
DA:50,3
DA:76,2
DA:79,1
DA:85,2
DA:88,1
DA:93,2
DA:94,1
DA:95,1
DA:97,1
DA:103,1
DA:104,1
DA:106,1
DA:114,2
DA:116,1
DA:127,1
LF:31
LH:31
BRDA:99,0,0,1
BRDA:99,0,1,0
BRDA:100,1,0,1
BRDA:100,1,1,1
BRDA:108,2,0,1
BRDA:108,2,1,0
BRDA:109,3,0,1
BRDA:109,3,1,1
BRF:8
BRH:6
end_of_record
TN:
SF:src\module\resource-catalog\application\usecase\resource-specification\patch-resource-specification.usecase.ts
FN:53,(anonymous_4)
FN:68,(anonymous_5)
FN:221,(anonymous_6)
FN:261,(anonymous_7)
FN:262,(anonymous_8)
FN:269,(anonymous_9)
FN:270,(anonymous_10)
FN:284,(anonymous_11)
FN:294,(anonymous_12)
FN:295,(anonymous_13)
FN:309,(anonymous_14)
FN:309,(anonymous_15)
FN:319,(anonymous_16)
FN:329,(anonymous_17)
FN:330,(anonymous_18)
FN:344,(anonymous_19)
FN:344,(anonymous_20)
FN:354,(anonymous_21)
FN:365,(anonymous_22)
FN:369,(anonymous_23)
FN:372,(anonymous_24)
FN:373,(anonymous_25)
FN:439,(anonymous_26)
FN:443,(anonymous_27)
FNF:24
FNH:22
FNDA:10,(anonymous_4)
FNDA:10,(anonymous_5)
FNDA:10,(anonymous_6)
FNDA:2,(anonymous_7)
FNDA:1,(anonymous_8)
FNDA:1,(anonymous_9)
FNDA:1,(anonymous_10)
FNDA:5,(anonymous_11)
FNDA:5,(anonymous_12)
FNDA:5,(anonymous_13)
FNDA:5,(anonymous_14)
FNDA:5,(anonymous_15)
FNDA:5,(anonymous_16)
FNDA:5,(anonymous_17)
FNDA:5,(anonymous_18)
FNDA:5,(anonymous_19)
FNDA:5,(anonymous_20)
FNDA:1,(anonymous_21)
FNDA:1,(anonymous_22)
FNDA:1,(anonymous_23)
FNDA:1,(anonymous_24)
FNDA:1,(anonymous_25)
FNDA:0,(anonymous_26)
FNDA:0,(anonymous_27)
DA:1,2
DA:10,2
DA:12,2
DA:16,2
DA:20,2
DA:24,2
DA:28,2
DA:29,2
DA:30,2
DA:31,2
DA:34,2
DA:35,2
DA:36,2
DA:37,2
DA:38,2
DA:39,2
DA:41,2
DA:52,2
DA:55,10
DA:57,10
DA:59,10
DA:61,10
DA:63,10
DA:65,10
DA:73,10
DA:75,10
DA:76,10
DA:78,10
DA:79,0
DA:86,10
DA:88,10
DA:89,2
DA:96,8
DA:97,1
DA:98,1
DA:99,1
DA:100,1
DA:109,7
DA:111,7
DA:113,7
DA:115,7
DA:118,7
DA:125,7
DA:126,2
DA:133,5
DA:134,5
DA:137,5
DA:142,5
DA:143,0
DA:150,5
DA:151,2
DA:155,2
DA:156,2
DA:162,0
DA:165,3
DA:167,3
DA:169,3
DA:170,1
DA:177,2
DA:178,2
DA:180,2
DA:181,1
DA:184,2
DA:185,1
DA:194,1
DA:204,2
DA:206,0
DA:217,0
DA:225,10
DA:227,10
DA:228,1
DA:230,10
DA:231,0
DA:233,10
DA:234,1
DA:236,10
DA:237,0
DA:239,10
DA:240,0
DA:242,10
DA:243,0
DA:245,10
DA:246,0
DA:248,10
DA:249,0
DA:252,10
DA:253,1
DA:259,10
DA:260,2
DA:261,2
DA:262,1
DA:267,10
DA:268,1
DA:269,1
DA:270,1
DA:276,10
DA:277,10
DA:278,2
DA:281,10
DA:287,5
DA:288,0
DA:291,5
DA:294,5
DA:295,5
DA:299,5
DA:300,0
DA:305,5
DA:308,5
DA:309,5
DA:312,5
DA:313,0
DA:322,5
DA:323,0
DA:326,5
DA:329,5
DA:330,5
DA:334,5
DA:335,0
DA:340,5
DA:343,5
DA:344,5
DA:347,5
DA:348,0
DA:360,1
DA:364,1
DA:365,1
DA:368,1
DA:369,1
DA:371,1
DA:372,1
DA:373,1
DA:378,1
DA:379,1
DA:380,0
DA:383,1
DA:384,1
DA:385,0
DA:388,1
DA:392,1
DA:406,1
DA:407,1
DA:409,1
DA:411,1
DA:412,1
DA:413,1
DA:427,1
DA:428,1
DA:434,1
DA:438,0
DA:439,0
DA:442,0
DA:443,0
DA:447,0
DA:448,0
DA:451,0
DA:459,0
DA:460,0
DA:463,0
LF:158
LH:129
BRDA:78,0,0,0
BRDA:78,0,1,10
BRDA:88,1,0,2
BRDA:88,1,1,8
BRDA:96,2,0,1
BRDA:96,2,1,7
BRDA:96,3,0,8
BRDA:96,3,1,1
BRDA:99,4,0,1
BRDA:99,4,1,0
BRDA:109,5,0,7
BRDA:109,5,1,6
BRDA:111,6,0,7
BRDA:111,6,1,5
BRDA:113,7,0,7
BRDA:113,7,1,5
BRDA:115,8,0,7
BRDA:115,8,1,7
BRDA:125,9,0,2
BRDA:125,9,1,5
BRDA:142,10,0,0
BRDA:142,10,1,5
BRDA:150,11,0,2
BRDA:150,11,1,3
BRDA:150,12,0,5
BRDA:150,12,1,5
BRDA:155,13,0,2
BRDA:155,13,1,0
BRDA:169,14,0,1
BRDA:169,14,1,2
BRDA:180,15,0,1
BRDA:180,15,1,1
BRDA:180,16,0,2
BRDA:180,16,1,1
BRDA:184,17,0,1
BRDA:184,17,1,1
BRDA:227,18,0,1
BRDA:227,18,1,9
BRDA:230,19,0,0
BRDA:230,19,1,10
BRDA:233,20,0,1
BRDA:233,20,1,9
BRDA:236,21,0,0
BRDA:236,21,1,10
BRDA:239,22,0,0
BRDA:239,22,1,10
BRDA:242,23,0,0
BRDA:242,23,1,10
BRDA:245,24,0,0
BRDA:245,24,1,10
BRDA:248,25,0,0
BRDA:248,25,1,10
BRDA:252,26,0,1
BRDA:252,26,1,9
BRDA:259,27,0,2
BRDA:259,27,1,8
BRDA:267,28,0,1
BRDA:267,28,1,9
BRDA:277,29,0,2
BRDA:277,29,1,8
BRDA:287,30,0,0
BRDA:287,30,1,5
BRDA:299,31,0,0
BRDA:299,31,1,5
BRDA:312,32,0,0
BRDA:312,32,1,5
BRDA:322,33,0,0
BRDA:322,33,1,5
BRDA:334,34,0,0
BRDA:334,34,1,5
BRDA:347,35,0,0
BRDA:347,35,1,5
BRDA:368,36,0,1
BRDA:368,36,1,0
BRDA:371,37,0,1
BRDA:371,37,1,0
BRDA:373,38,0,1
BRDA:373,38,1,0
BRDA:379,39,0,0
BRDA:379,39,1,1
BRDA:384,40,0,0
BRDA:384,40,1,1
BRDA:409,41,0,1
BRDA:409,41,1,0
BRDA:447,42,0,0
BRDA:447,42,1,0
BRDA:459,43,0,0
BRDA:459,43,1,0
BRF:88
BRH:62
end_of_record
TN:
SF:src\module\resource-catalog\domain\const\audit-action.const.ts
FNF:0
FNH:0
DA:1,5
LF:1
LH:1
BRF:0
BRH:0
end_of_record
TN:
SF:src\module\resource-catalog\domain\const\lifecycle.const.ts
FNF:0
FNH:0
DA:1,6
LF:1
LH:1
BRF:0
BRH:0
end_of_record
TN:
SF:src\module\resource-catalog\domain\const\notification-event.const.ts
FNF:0
FNH:0
DA:1,12
DA:28,12
LF:2
LH:2
BRF:0
BRH:0
end_of_record
TN:
SF:src\module\resource-catalog\domain\const\resource-type.const.ts
FNF:0
FNH:0
DA:1,10
LF:1
LH:1
BRF:0
BRH:0
end_of_record
TN:
SF:src\module\resource-catalog\domain\mapper\resource-specification-characteristic.mapper.ts
FN:15,(anonymous_0)
FN:23,(anonymous_1)
FN:31,(anonymous_2)
FNF:3
FNH:3
FNDA:15,(anonymous_0)
FNDA:18,(anonymous_1)
FNDA:18,(anonymous_2)
DA:14,2
DA:19,15
DA:21,15
DA:24,18
DA:31,18
DA:49,15
LF:6
LH:6
BRDA:19,0,0,15
BRDA:19,0,1,9
BRDA:19,0,2,9
BRDA:24,1,0,18
BRDA:24,1,1,18
BRDA:24,1,2,18
BRDA:24,1,3,18
BRDA:24,1,4,18
BRDA:24,1,5,18
BRDA:33,2,0,18
BRDA:33,2,1,0
BRDA:35,3,0,0
BRDA:35,3,1,18
BRDA:39,4,0,0
BRDA:39,4,1,18
BRDA:39,5,0,18
BRDA:39,5,1,0
BRDA:42,6,0,0
BRDA:42,6,1,18
BRDA:44,7,0,0
BRDA:44,7,1,18
BRDA:49,8,0,6
BRDA:49,8,1,9
BRF:23
BRH:17
end_of_record
TN:
SF:src\module\resource-catalog\domain\model\common.model.ts
FNF:0
FNH:0
DA:8,8
DA:14,8
LF:2
LH:2
BRF:0
BRH:0
end_of_record
TN:
SF:src\module\resource-catalog\domain\model\hub-subscription.model.ts
FNF:0
FNH:0
DA:1,1
DA:3,1
DA:4,1
LF:3
LH:3
BRF:0
BRH:0
end_of_record
TN:
SF:src\module\resource-catalog\domain\model\resource-candidate.model.ts
FNF:0
FNH:0
DA:1,4
DA:15,4
DA:16,4
LF:3
LH:3
BRF:0
BRH:0
end_of_record
TN:
SF:src\module\resource-catalog\domain\model\resource-catalog.model.ts
FNF:0
FNH:0
DA:1,6
DA:3,6
DA:4,6
LF:3
LH:3
BRF:0
BRH:0
end_of_record
TN:
SF:src\module\resource-catalog\domain\model\resource-category.model.ts
FNF:0
FNH:0
DA:1,6
DA:7,6
DA:8,6
LF:3
LH:3
BRF:0
BRH:0
end_of_record
TN:
SF:src\module\resource-catalog\domain\model\resource-specification.model.ts
FNF:0
FNH:0
DA:1,6
DA:18,6
DA:19,6
LF:3
LH:3
BRF:0
BRH:0
end_of_record
TN:
SF:src\module\resource-catalog\domain\rule\resource-specification-minimum-structure.rule.ts
FN:7,(anonymous_0)
FN:30,(anonymous_1)
FNF:2
FNH:2
FNDA:32,(anonymous_0)
FNDA:81,(anonymous_1)
DA:6,4
DA:13,32
DA:15,32
DA:16,6
DA:19,32
DA:20,5
DA:23,32
DA:24,4
DA:27,32
DA:28,32
DA:30,81
DA:34,32
DA:35,5
DA:37,32
DA:38,5
DA:40,32
DA:41,5
DA:44,32
LF:18
LH:18
BRDA:15,0,0,6
BRDA:15,0,1,26
BRDA:19,1,0,5
BRDA:19,1,1,27
BRDA:23,2,0,4
BRDA:23,2,1,28
BRDA:27,3,0,32
BRDA:27,3,1,3
BRDA:34,4,0,5
BRDA:34,4,1,27
BRDA:37,5,0,5
BRDA:37,5,1,27
BRDA:40,6,0,5
BRDA:40,6,1,27
BRF:14
BRH:14
end_of_record
TN:
SF:src\module\resource-catalog\domain\rule\resource-specification-unique-key.rule.ts
FN:4,(anonymous_0)
FN:8,(anonymous_1)
FN:25,(anonymous_2)
FN:39,(anonymous_3)
FN:51,(anonymous_4)
FNF:5
FNH:5
FNDA:28,(anonymous_0)
FNDA:20,(anonymous_1)
FNDA:24,(anonymous_2)
FNDA:20,(anonymous_3)
FNDA:64,(anonymous_4)
DA:3,4
DA:5,28
DA:12,20
DA:14,20
DA:15,52
DA:16,52
DA:17,32
DA:18,16
DA:19,16
DA:22,20
DA:29,24
DA:36,4
DA:39,20
DA:40,20
DA:42,20
DA:44,20
DA:45,4
DA:48,16
DA:50,16
DA:51,64
LF:20
LH:20
BRDA:5,0,0,9
BRDA:5,0,1,19
BRDA:16,1,0,20
BRDA:16,1,1,32
BRDA:16,2,0,20
BRDA:16,2,1,0
BRDA:17,3,0,16
BRDA:17,3,1,16
BRDA:17,4,0,16
BRDA:17,4,1,0
BRDA:18,5,0,16
BRDA:18,5,1,0
BRDA:19,6,0,16
BRDA:19,6,1,0
BRDA:29,7,0,4
BRDA:29,7,1,20
BRDA:31,8,0,24
BRDA:31,8,1,24
BRDA:31,8,2,20
BRDA:40,9,0,20
BRDA:40,9,1,0
BRDA:44,10,0,4
BRDA:44,10,1,16
BRDA:44,11,0,20
BRDA:44,11,1,20
BRDA:44,11,2,16
BRF:26
BRH:21
end_of_record
TN:
SF:src\module\resource-catalog\domain\util\hub-query-filter.util.ts
FN:28,parseHubQuery
FN:46,(anonymous_1)
FN:63,evaluateHubQuery
FN:74,traverseAndMatch
FN:86,(anonymous_4)
FN:130,validateHubQueryForEvent
FNF:6
FNH:6
FNDA:21,parseHubQuery
FNDA:18,(anonymous_1)
FNDA:14,evaluateHubQuery
FNDA:47,traverseAndMatch
FNDA:6,(anonymous_4)
FNDA:9,validateHubQueryForEvent
DA:2,4
DA:3,4
DA:4,4
DA:5,4
DA:28,4
DA:29,21
DA:31,20
DA:32,20
DA:34,16
DA:35,16
DA:37,16
DA:39,15
DA:41,15
DA:43,13
DA:44,13
DA:46,18
DA:49,13
DA:51,12
DA:63,4
DA:67,14
DA:68,14
DA:70,1
DA:79,47
DA:80,12
DA:81,10
DA:84,35
DA:86,6
DA:89,31
DA:91,28
DA:92,28
DA:93,27
DA:100,4
DA:118,4
DA:130,4
DA:134,9
DA:135,9
DA:136,2
DA:139,7
DA:140,7
DA:141,0
DA:144,7
DA:145,1
DA:148,6
DA:149,6
DA:150,6
DA:151,6
DA:152,1
DA:156,5
LF:48
LH:47
BRDA:29,0,0,1
BRDA:29,0,1,20
BRDA:29,1,0,21
BRDA:29,1,1,20
BRDA:32,2,0,4
BRDA:32,2,1,16
BRDA:37,3,0,1
BRDA:37,3,1,15
BRDA:37,4,0,16
BRDA:37,4,1,16
BRDA:41,5,0,2
BRDA:41,5,1,13
BRDA:41,6,0,15
BRDA:41,6,1,14
BRDA:49,7,0,1
BRDA:49,7,1,12
BRDA:79,8,0,12
BRDA:79,8,1,35
BRDA:80,9,0,2
BRDA:80,9,1,10
BRDA:80,10,0,12
BRDA:80,10,1,11
BRDA:84,11,0,4
BRDA:84,11,1,31
BRDA:89,12,0,3
BRDA:89,12,1,28
BRDA:89,13,0,31
BRDA:89,13,1,29
BRDA:135,14,0,2
BRDA:135,14,1,7
BRDA:140,15,0,0
BRDA:140,15,1,7
BRDA:144,16,0,1
BRDA:144,16,1,6
BRDA:149,17,0,6
BRDA:149,17,1,0
BRDA:149,18,0,6
BRDA:149,18,1,6
BRDA:151,19,0,1
BRDA:151,19,1,5
BRF:40
BRH:38
end_of_record
TN:
SF:src\module\resource-catalog\infra\persistence\in-memory\in-memory.seed.ts
FN:56,(anonymous_0)
FN:62,(anonymous_1)
FN:69,(anonymous_2)
FN:76,(anonymous_3)
FN:80,(anonymous_4)
FN:84,(anonymous_5)
FN:92,(anonymous_6)
FN:94,(anonymous_7)
FN:97,(anonymous_8)
FN:108,(anonymous_9)
FN:119,(anonymous_10)
FN:123,(anonymous_11)
FN:127,(anonymous_12)
FN:140,(anonymous_13)
FN:144,(anonymous_14)
FN:152,(anonymous_15)
FN:153,(anonymous_16)
FN:154,(anonymous_17)
FN:157,(anonymous_18)
FN:160,(anonymous_19)
FN:165,(anonymous_20)
FN:193,(anonymous_21)
FN:199,(anonymous_22)
FN:226,(anonymous_23)
FN:235,(anonymous_24)
FN:269,(anonymous_25)
FN:275,(anonymous_26)
FN:301,(anonymous_27)
FN:361,(anonymous_28)
FN:365,(anonymous_29)
FN:369,(anonymous_30)
FN:369,(anonymous_31)
FN:370,(anonymous_32)
FN:373,(anonymous_33)
FN:401,(anonymous_34)
FN:416,(anonymous_35)
FN:423,(anonymous_36)
FN:450,(anonymous_37)
FNF:38
FNH:38
FNDA:152,(anonymous_0)
FNDA:36,(anonymous_1)
FNDA:20,(anonymous_2)
FNDA:16,(anonymous_3)
FNDA:16,(anonymous_4)
FNDA:3,(anonymous_5)
FNDA:52,(anonymous_6)
FNDA:312,(anonymous_7)
FNDA:30,(anonymous_8)
FNDA:30,(anonymous_9)
FNDA:48,(anonymous_10)
FNDA:48,(anonymous_11)
FNDA:384,(anonymous_12)
FNDA:48,(anonymous_13)
FNDA:48,(anonymous_14)
FNDA:3,(anonymous_15)
FNDA:30,(anonymous_16)
FNDA:30,(anonymous_17)
FNDA:48,(anonymous_18)
FNDA:48,(anonymous_19)
FNDA:36,(anonymous_20)
FNDA:1,(anonymous_21)
FNDA:10,(anonymous_22)
FNDA:1,(anonymous_23)
FNDA:10,(anonymous_24)
FNDA:1,(anonymous_25)
FNDA:16,(anonymous_26)
FNDA:64,(anonymous_27)
FNDA:1,(anonymous_28)
FNDA:16,(anonymous_29)
FNDA:16,(anonymous_30)
FNDA:76,(anonymous_31)
FNDA:16,(anonymous_32)
FNDA:16,(anonymous_33)
FNDA:1,(anonymous_34)
FNDA:1,(anonymous_35)
FNDA:1,(anonymous_36)
FNDA:4,(anonymous_37)
DA:1,1
DA:6,1
DA:7,1
DA:39,1
DA:40,1
DA:41,1
DA:42,1
DA:44,1
DA:45,1
DA:52,1
DA:53,1
DA:56,1
DA:57,152
DA:58,152
DA:59,152
DA:62,1
DA:66,36
DA:69,1
DA:73,20
DA:76,1
DA:77,16
DA:80,1
DA:81,16
DA:84,1
DA:88,3
DA:89,3
DA:92,52
DA:94,1
DA:95,312
DA:97,30
DA:108,30
DA:119,1
DA:121,48
DA:123,48
DA:127,384
DA:140,1
DA:142,48
DA:144,48
DA:152,3
DA:153,30
DA:155,30
DA:158,48
DA:161,48
DA:165,1
DA:174,36
DA:175,36
DA:176,36
DA:180,36
DA:181,36
DA:185,36
DA:193,1
DA:194,1
DA:199,1
DA:200,10
DA:201,10
DA:202,10
DA:204,10
DA:226,1
DA:230,1
DA:235,1
DA:236,10
DA:237,10
DA:238,10
DA:240,10
DA:241,10
DA:242,0
DA:247,10
DA:269,1
DA:275,1
DA:276,16
DA:277,16
DA:278,16
DA:280,16
DA:282,16
DA:283,16
DA:285,16
DA:286,16
DA:287,16
DA:289,16
DA:301,64
DA:361,1
DA:365,1
DA:366,16
DA:368,16
DA:369,76
DA:371,16
DA:372,16
DA:373,16
DA:378,16
DA:379,16
DA:396,16
DA:401,1
DA:402,1
DA:404,1
DA:408,0
DA:409,0
DA:410,0
DA:412,1
DA:416,1
DA:423,1
DA:424,1
DA:425,1
DA:429,1
DA:430,1
DA:431,1
DA:437,1
DA:442,1
DA:450,1
DA:451,4
DA:453,4
DA:454,1
DA:457,3
DA:458,1
DA:461,3
LF:114
LH:110
BRDA:66,0,0,36
BRDA:66,0,1,36
BRDA:73,1,0,20
BRDA:73,1,1,20
BRDA:77,2,0,16
BRDA:77,2,1,16
BRDA:81,3,0,16
BRDA:81,3,1,16
BRDA:88,4,0,3
BRDA:88,4,1,3
BRDA:89,5,0,3
BRDA:89,5,1,0
BRDA:89,6,0,3
BRDA:89,6,1,3
BRDA:95,7,0,312
BRDA:95,7,1,0
BRDA:99,8,0,30
BRDA:99,8,1,0
BRDA:110,9,0,30
BRDA:110,9,1,0
BRDA:131,10,0,48
BRDA:131,10,1,0
BRDA:144,11,0,48
BRDA:144,11,1,0
BRDA:147,12,0,0
BRDA:147,12,1,48
BRDA:178,13,0,36
BRDA:178,13,1,36
BRDA:181,14,0,12
BRDA:181,14,1,24
BRDA:209,15,0,10
BRDA:209,15,1,10
BRDA:212,16,0,10
BRDA:212,16,1,10
BRDA:241,17,0,0
BRDA:241,17,1,10
BRDA:253,18,0,10
BRDA:253,18,1,10
BRDA:280,19,0,16
BRDA:280,19,1,16
BRDA:285,20,0,4
BRDA:285,20,1,12
BRDA:293,21,0,16
BRDA:293,21,1,16
BRDA:295,22,0,16
BRDA:295,22,1,16
BRDA:366,23,0,16
BRDA:366,23,1,0
BRDA:372,24,0,16
BRDA:372,24,1,0
BRDA:408,25,0,0
BRDA:408,25,1,0
BRDA:453,26,0,1
BRDA:453,26,1,3
BRDA:457,27,0,1
BRDA:457,27,1,2
BRF:56
BRH:44
end_of_record
TN:
SF:src\module\resource-catalog\infra\persistence\in-memory\resource-catalog-in-memory.repository.ts
FN:19,(anonymous_0)
FN:28,(anonymous_1)
FN:41,(anonymous_2)
FN:48,(anonymous_3)
FN:54,(anonymous_4)
FN:60,(anonymous_5)
FN:158,(anonymous_6)
FN:162,(anonymous_7)
FN:189,(anonymous_8)
FN:195,(anonymous_9)
FNF:10
FNH:10
FNDA:24,(anonymous_0)
FNDA:69,(anonymous_1)
FNDA:40,(anonymous_2)
FNDA:4,(anonymous_3)
FNDA:17,(anonymous_4)
FNDA:38,(anonymous_5)
FNDA:22,(anonymous_6)
FNDA:3,(anonymous_7)
FNDA:17,(anonymous_8)
FNDA:3,(anonymous_9)
DA:5,2
DA:9,2
DA:11,2
DA:12,24
DA:17,24
DA:20,24
DA:23,24
DA:24,2
DA:29,69
DA:42,40
DA:43,40
DA:44,40
DA:45,40
DA:49,4
DA:50,4
DA:51,4
DA:57,17
DA:58,17
DA:59,17
DA:60,17
DA:61,38
DA:62,1
DA:65,37
DA:72,2
DA:75,35
DA:76,1
DA:79,34
DA:83,1
DA:86,33
DA:92,1
DA:95,32
DA:99,1
DA:102,31
DA:103,3
DA:104,3
DA:107,3
DA:110,3
DA:111,2
DA:114,29
DA:119,1
DA:122,28
DA:127,1
DA:130,27
DA:135,1
DA:138,26
DA:143,1
DA:146,25
DA:149,17
DA:150,17
DA:154,17
DA:158,22
DA:166,3
DA:167,3
DA:169,3
DA:170,1
DA:173,2
DA:180,2
DA:181,2
DA:182,2
DA:186,2
DA:193,17
DA:194,3
DA:195,3
DA:196,3
DA:197,3
DA:198,3
DA:199,3
DA:201,3
DA:204,3
DA:206,0
LF:70
LH:69
BRDA:21,0,0,22
BRDA:31,1,0,5
BRDA:31,1,1,64
BRDA:36,2,0,11
BRDA:36,2,1,58
BRDA:37,3,0,6
BRDA:37,3,1,63
BRDA:51,4,0,3
BRDA:51,4,1,1
BRDA:58,5,0,17
BRDA:58,5,1,16
BRDA:59,6,0,17
BRDA:59,6,1,16
BRDA:61,7,0,1
BRDA:61,7,1,37
BRDA:65,8,0,2
BRDA:65,8,1,35
BRDA:66,9,0,37
BRDA:66,9,1,5
BRDA:66,9,2,2
BRDA:66,9,3,4
BRDA:66,9,4,3
BRDA:75,10,0,1
BRDA:75,10,1,34
BRDA:75,11,0,35
BRDA:75,11,1,2
BRDA:79,12,0,1
BRDA:79,12,1,33
BRDA:80,13,0,34
BRDA:80,13,1,2
BRDA:86,14,0,1
BRDA:86,14,1,32
BRDA:87,15,0,33
BRDA:87,15,1,2
BRDA:95,16,0,1
BRDA:95,16,1,31
BRDA:96,17,0,32
BRDA:96,17,1,2
BRDA:102,18,0,3
BRDA:102,18,1,28
BRDA:104,19,0,2
BRDA:104,19,1,1
BRDA:107,20,0,2
BRDA:107,20,1,1
BRDA:110,21,0,1
BRDA:110,21,1,2
BRDA:110,22,0,3
BRDA:110,22,1,2
BRDA:111,23,0,1
BRDA:111,23,1,1
BRDA:111,24,0,2
BRDA:111,24,1,2
BRDA:114,25,0,1
BRDA:114,25,1,28
BRDA:115,26,0,29
BRDA:115,26,1,2
BRDA:115,26,2,2
BRDA:122,27,0,1
BRDA:122,27,1,27
BRDA:123,28,0,28
BRDA:123,28,1,2
BRDA:123,28,2,2
BRDA:130,29,0,1
BRDA:130,29,1,26
BRDA:131,30,0,27
BRDA:131,30,1,2
BRDA:131,30,2,2
BRDA:138,31,0,1
BRDA:138,31,1,25
BRDA:139,32,0,26
BRDA:139,32,1,2
BRDA:139,32,2,2
BRDA:169,33,0,1
BRDA:169,33,1,2
BRDA:193,34,0,14
BRDA:193,34,1,3
BRDA:193,35,0,17
BRDA:193,35,1,3
BRDA:199,36,0,0
BRDA:199,36,1,3
BRDA:201,37,0,1
BRDA:201,37,1,2
BRDA:201,38,0,3
BRDA:201,38,1,1
BRDA:203,39,0,2
BRDA:203,39,1,0
BRDA:203,40,0,2
BRDA:203,40,1,0
BRDA:204,41,0,1
BRDA:204,41,1,2
BRF:90
BRH:87
end_of_record
TN:
SF:src\module\resource-catalog\infra\persistence\in-memory\resource-category-in-memory.repository.ts
FN:19,(anonymous_0)
FN:28,(anonymous_1)
FN:34,(anonymous_2)
FN:39,(anonymous_3)
FN:45,(anonymous_4)
FN:97,(anonymous_5)
FN:159,(anonymous_6)
FN:185,(anonymous_7)
FN:191,(anonymous_8)
FNF:9
FNH:9
FNDA:24,(anonymous_0)
FNDA:39,(anonymous_1)
FNDA:4,(anonymous_2)
FNDA:18,(anonymous_3)
FNDA:39,(anonymous_4)
FNDA:2,(anonymous_5)
FNDA:3,(anonymous_6)
FNDA:18,(anonymous_7)
FNDA:2,(anonymous_8)
DA:5,2
DA:9,2
DA:11,2
DA:12,24
DA:17,24
DA:20,24
DA:23,24
DA:24,2
DA:29,39
DA:30,39
DA:31,39
DA:35,4
DA:36,4
DA:42,18
DA:43,18
DA:44,18
DA:45,18
DA:46,39
DA:47,1
DA:50,38
DA:57,2
DA:60,36
DA:61,1
DA:64,35
DA:68,1
DA:71,34
DA:77,1
DA:80,33
DA:84,1
DA:87,32
DA:91,1
DA:94,31
DA:97,2
DA:100,1
DA:103,30
DA:104,2
DA:105,2
DA:108,2
DA:111,2
DA:112,1
DA:115,29
DA:120,1
DA:122,28
DA:127,1
DA:129,27
DA:134,1
DA:136,26
DA:141,1
DA:144,25
DA:147,18
DA:148,18
DA:153,18
DA:163,3
DA:164,3
DA:166,3
DA:167,1
DA:170,2
DA:177,2
DA:178,2
DA:182,2
DA:189,18
DA:190,2
DA:191,2
DA:192,2
DA:193,2
DA:194,2
DA:195,2
DA:197,2
DA:200,2
DA:202,0
LF:70
LH:69
BRDA:21,0,0,22
BRDA:36,1,0,4
BRDA:36,1,1,1
BRDA:43,2,0,18
BRDA:43,2,1,17
BRDA:44,3,0,18
BRDA:44,3,1,17
BRDA:46,4,0,1
BRDA:46,4,1,38
BRDA:50,5,0,2
BRDA:50,5,1,36
BRDA:51,6,0,38
BRDA:51,6,1,5
BRDA:51,6,2,2
BRDA:51,6,3,4
BRDA:51,6,4,3
BRDA:60,7,0,1
BRDA:60,7,1,35
BRDA:60,8,0,36
BRDA:60,8,1,2
BRDA:64,9,0,1
BRDA:64,9,1,34
BRDA:65,10,0,35
BRDA:65,10,1,2
BRDA:71,11,0,1
BRDA:71,11,1,33
BRDA:72,12,0,34
BRDA:72,12,1,2
BRDA:80,13,0,1
BRDA:80,13,1,32
BRDA:81,14,0,33
BRDA:81,14,1,2
BRDA:87,15,0,1
BRDA:87,15,1,31
BRDA:88,16,0,32
BRDA:88,16,1,2
BRDA:94,17,0,1
BRDA:94,17,1,30
BRDA:95,18,0,31
BRDA:95,18,1,2
BRDA:103,19,0,2
BRDA:103,19,1,28
BRDA:105,20,0,2
BRDA:105,20,1,0
BRDA:108,21,0,1
BRDA:108,21,1,1
BRDA:111,22,0,1
BRDA:111,22,1,1
BRDA:111,23,0,2
BRDA:111,23,1,2
BRDA:112,24,0,0
BRDA:112,24,1,1
BRDA:112,25,0,1
BRDA:112,25,1,1
BRDA:115,26,0,1
BRDA:115,26,1,28
BRDA:116,27,0,29
BRDA:116,27,1,2
BRDA:116,27,2,2
BRDA:122,28,0,1
BRDA:122,28,1,27
BRDA:123,29,0,28
BRDA:123,29,1,2
BRDA:123,29,2,2
BRDA:129,30,0,1
BRDA:129,30,1,26
BRDA:130,31,0,27
BRDA:130,31,1,2
BRDA:130,31,2,2
BRDA:136,32,0,1
BRDA:136,32,1,25
BRDA:137,33,0,26
BRDA:137,33,1,2
BRDA:137,33,2,2
BRDA:166,34,0,1
BRDA:166,34,1,2
BRDA:189,35,0,16
BRDA:189,35,1,2
BRDA:189,36,0,18
BRDA:189,36,1,2
BRDA:195,37,0,0
BRDA:195,37,1,2
BRDA:197,38,0,0
BRDA:197,38,1,2
BRDA:197,39,0,2
BRDA:197,39,1,0
BRDA:199,40,0,2
BRDA:199,40,1,0
BRDA:199,41,0,2
BRDA:199,41,1,0
BRDA:200,42,0,1
BRDA:200,42,1,1
BRF:92
BRH:85
end_of_record
TN:
SF:src\module\resource-catalog\infra\persistence\in-memory\resource-specification-in-memory.repository.ts
FN:19,(anonymous_0)
FN:28,(anonymous_1)
FN:38,(anonymous_2)
FN:42,(anonymous_3)
FN:51,(anonymous_4)
FN:59,(anonymous_5)
FN:64,(anonymous_6)
FN:70,(anonymous_7)
FN:116,(anonymous_8)
FN:125,(anonymous_9)
FN:141,(anonymous_10)
FN:153,(anonymous_11)
FN:165,(anonymous_12)
FN:235,(anonymous_13)
FN:262,(anonymous_14)
FN:267,(anonymous_15)
FN:280,(anonymous_16)
FN:286,(anonymous_17)
FNF:18
FNH:17
FNDA:32,(anonymous_0)
FNDA:2,(anonymous_1)
FNDA:1,(anonymous_2)
FNDA:0,(anonymous_3)
FNDA:49,(anonymous_4)
FNDA:3,(anonymous_5)
FNDA:22,(anonymous_6)
FNDA:44,(anonymous_7)
FNDA:2,(anonymous_8)
FNDA:2,(anonymous_9)
FNDA:3,(anonymous_10)
FNDA:2,(anonymous_11)
FNDA:2,(anonymous_12)
FNDA:2,(anonymous_13)
FNDA:4,(anonymous_14)
FNDA:3,(anonymous_15)
FNDA:22,(anonymous_16)
FNDA:2,(anonymous_17)
DA:5,2
DA:9,2
DA:11,2
DA:12,32
DA:17,32
DA:20,32
DA:23,32
DA:24,2
DA:31,2
DA:38,1
DA:42,0
DA:54,49
DA:55,49
DA:56,49
DA:60,3
DA:61,3
DA:67,22
DA:68,22
DA:69,22
DA:70,22
DA:71,44
DA:72,1
DA:75,43
DA:76,1
DA:79,42
DA:80,1
DA:83,41
DA:87,1
DA:90,40
DA:96,1
DA:99,39
DA:103,1
DA:106,38
DA:110,1
DA:113,37
DA:116,2
DA:119,1
DA:122,36
DA:125,2
DA:128,1
DA:131,35
DA:136,3
DA:138,3
DA:139,3
DA:142,3
DA:146,2
DA:149,32
DA:151,2
DA:152,2
DA:154,2
DA:157,1
DA:161,31
DA:163,2
DA:164,2
DA:166,2
DA:169,1
DA:174,31
DA:175,3
DA:176,3
DA:179,3
DA:183,3
DA:184,1
DA:186,2
DA:187,1
DA:191,29
DA:196,1
DA:198,28
DA:203,1
DA:205,27
DA:210,1
DA:212,26
DA:217,1
DA:220,25
DA:223,22
DA:224,22
DA:229,22
DA:239,2
DA:240,2
DA:242,2
DA:243,1
DA:246,1
DA:253,1
DA:254,1
DA:259,1
DA:266,4
DA:267,3
DA:270,4
DA:271,1
DA:273,3
DA:274,1
DA:277,2
DA:284,22
DA:285,2
DA:286,2
DA:287,2
DA:288,2
DA:289,2
DA:290,2
DA:292,2
DA:295,2
DA:297,0
LF:101
LH:99
BRDA:21,0,0,29
BRDA:33,1,0,0
BRDA:33,1,1,2
BRDA:46,2,0,0
BRDA:46,2,1,2
BRDA:47,3,0,0
BRDA:47,3,1,2
BRDA:61,4,0,3
BRDA:61,4,1,1
BRDA:68,5,0,22
BRDA:68,5,1,20
BRDA:69,6,0,22
BRDA:69,6,1,20
BRDA:71,7,0,1
BRDA:71,7,1,43
BRDA:75,8,0,1
BRDA:75,8,1,42
BRDA:75,9,0,43
BRDA:75,9,1,2
BRDA:79,10,0,1
BRDA:79,10,1,41
BRDA:79,11,0,42
BRDA:79,11,1,2
BRDA:83,12,0,1
BRDA:83,12,1,40
BRDA:84,13,0,41
BRDA:84,13,1,2
BRDA:90,14,0,1
BRDA:90,14,1,39
BRDA:91,15,0,40
BRDA:91,15,1,2
BRDA:99,16,0,1
BRDA:99,16,1,38
BRDA:100,17,0,39
BRDA:100,17,1,2
BRDA:106,18,0,1
BRDA:106,18,1,37
BRDA:107,19,0,38
BRDA:107,19,1,2
BRDA:113,20,0,1
BRDA:113,20,1,36
BRDA:114,21,0,37
BRDA:114,21,1,2
BRDA:122,22,0,1
BRDA:122,22,1,35
BRDA:123,23,0,36
BRDA:123,23,1,2
BRDA:131,24,0,3
BRDA:131,24,1,32
BRDA:132,25,0,35
BRDA:132,25,1,5
BRDA:139,26,0,2
BRDA:139,26,1,1
BRDA:142,27,0,3
BRDA:142,27,1,3
BRDA:142,28,0,3
BRDA:142,28,1,0
BRDA:143,29,0,3
BRDA:143,29,1,0
BRDA:149,30,0,2
BRDA:149,30,1,30
BRDA:152,31,0,1
BRDA:152,31,1,1
BRDA:154,32,0,2
BRDA:154,32,1,0
BRDA:161,33,0,2
BRDA:161,33,1,29
BRDA:164,34,0,1
BRDA:164,34,1,1
BRDA:166,35,0,2
BRDA:166,35,1,0
BRDA:174,36,0,3
BRDA:174,36,1,28
BRDA:176,37,0,2
BRDA:176,37,1,1
BRDA:179,38,0,2
BRDA:179,38,1,1
BRDA:183,39,0,1
BRDA:183,39,1,2
BRDA:183,40,0,3
BRDA:183,40,1,2
BRDA:186,41,0,1
BRDA:186,41,1,1
BRDA:186,42,0,2
BRDA:186,42,1,2
BRDA:191,43,0,1
BRDA:191,43,1,28
BRDA:192,44,0,29
BRDA:192,44,1,2
BRDA:192,44,2,2
BRDA:198,45,0,1
BRDA:198,45,1,27
BRDA:199,46,0,28
BRDA:199,46,1,2
BRDA:199,46,2,2
BRDA:205,47,0,1
BRDA:205,47,1,26
BRDA:206,48,0,27
BRDA:206,48,1,2
BRDA:206,48,2,2
BRDA:212,49,0,1
BRDA:212,49,1,25
BRDA:213,50,0,26
BRDA:213,50,1,2
BRDA:213,50,2,2
BRDA:242,51,0,1
BRDA:242,51,1,1
BRDA:270,52,0,1
BRDA:270,52,1,3
BRDA:273,53,0,1
BRDA:273,53,1,2
BRDA:273,54,0,3
BRDA:273,54,1,2
BRDA:284,55,0,20
BRDA:284,55,1,2
BRDA:284,56,0,22
BRDA:284,56,1,2
BRDA:290,57,0,0
BRDA:290,57,1,2
BRDA:292,58,0,0
BRDA:292,58,1,2
BRDA:292,59,0,2
BRDA:292,59,1,0
BRDA:294,60,0,2
BRDA:294,60,1,0
BRDA:294,61,0,2
BRDA:294,61,1,0
BRDA:295,62,0,1
BRDA:295,62,1,1
BRF:129
BRH:117
end_of_record
TN:
SF:src\module\resource-catalog\infra\presentation\http\controller\hub\hub.controller.ts
FN:47,(anonymous_4)
FN:72,(anonymous_5)
FN:104,(anonymous_6)
FN:137,(anonymous_7)
FNF:4
FNH:4
FNDA:1,(anonymous_4)
FNDA:1,(anonymous_5)
FNDA:1,(anonymous_6)
FNDA:1,(anonymous_7)
DA:1,1
DA:15,1
DA:26,1
DA:27,1
DA:28,1
DA:29,1
DA:30,1
DA:31,1
DA:32,1
DA:33,1
DA:34,1
DA:35,1
DA:36,1
DA:37,1
DA:38,1
DA:39,1
DA:41,1
DA:46,1
DA:48,1
DA:49,1
DA:50,1
DA:51,1
DA:72,1
DA:76,1
DA:77,1
DA:78,1
DA:79,1
DA:83,1
DA:84,1
DA:86,1
DA:88,0
DA:104,1
DA:108,1
DA:109,1
DA:110,1
DA:111,1
DA:118,1
DA:120,0
DA:137,1
DA:141,1
DA:142,1
DA:143,1
DA:150,0
LF:43
LH:40
BRDA:78,0,0,1
BRDA:78,0,1,0
BRDA:110,1,0,1
BRDA:110,1,1,0
BRF:4
BRH:2
end_of_record
TN:
SF:src\module\resource-catalog\infra\presentation\http\controller\resource-catalog\resource-catalog.controller.ts
FN:49,(anonymous_4)
FN:73,(anonymous_5)
FN:109,(anonymous_6)
FN:152,(anonymous_7)
FN:192,(anonymous_8)
FN:215,(anonymous_9)
FNF:6
FNH:6
FNDA:1,(anonymous_4)
FNDA:2,(anonymous_5)
FNDA:3,(anonymous_6)
FNDA:2,(anonymous_7)
FNDA:2,(anonymous_8)
FNDA:9,(anonymous_9)
DA:1,1
DA:15,1
DA:25,1
DA:26,1
DA:27,1
DA:28,1
DA:29,1
DA:30,1
DA:31,1
DA:32,1
DA:33,1
DA:34,1
DA:35,1
DA:36,1
DA:37,1
DA:38,1
DA:39,1
DA:40,1
DA:41,1
DA:43,1
DA:48,1
DA:50,1
DA:51,1
DA:52,1
DA:53,1
DA:54,1
DA:73,1
DA:77,2
DA:78,2
DA:79,2
DA:83,2
DA:84,1
DA:91,2
DA:93,1
DA:109,1
DA:113,3
DA:114,3
DA:115,3
DA:116,3
DA:117,3
DA:121,3
DA:122,3
DA:124,3
DA:130,1
DA:152,1
DA:156,2
DA:157,2
DA:158,2
DA:159,2
DA:161,1
DA:192,1
DA:198,2
DA:199,2
DA:200,2
DA:201,2
DA:202,1
DA:209,2
DA:211,1
DA:216,9
DA:217,9
DA:218,9
LF:61
LH:61
BRDA:83,0,0,1
BRDA:83,0,1,1
BRDA:116,1,0,3
BRDA:116,1,1,0
BRDA:201,2,0,1
BRDA:201,2,1,1
BRDA:217,3,0,0
BRDA:217,3,1,9
BRF:8
BRH:6
end_of_record
TN:
SF:src\module\resource-catalog\infra\presentation\http\controller\resource-category\resource-category.controller.ts
FN:49,(anonymous_4)
FN:73,(anonymous_5)
FN:109,(anonymous_6)
FN:152,(anonymous_7)
FN:192,(anonymous_8)
FN:215,(anonymous_9)
FNF:6
FNH:6
FNDA:1,(anonymous_4)
FNDA:2,(anonymous_5)
FNDA:3,(anonymous_6)
FNDA:2,(anonymous_7)
FNDA:2,(anonymous_8)
FNDA:9,(anonymous_9)
DA:1,1
DA:15,1
DA:25,1
DA:26,1
DA:27,1
DA:28,1
DA:29,1
DA:30,1
DA:31,1
DA:32,1
DA:33,1
DA:34,1
DA:35,1
DA:36,1
DA:37,1
DA:38,1
DA:39,1
DA:40,1
DA:41,1
DA:43,1
DA:48,1
DA:50,1
DA:51,1
DA:52,1
DA:53,1
DA:54,1
DA:73,1
DA:77,2
DA:78,2
DA:79,2
DA:83,2
DA:84,1
DA:91,2
DA:93,1
DA:109,1
DA:113,3
DA:114,3
DA:115,3
DA:116,3
DA:117,3
DA:121,3
DA:122,3
DA:124,3
DA:130,1
DA:152,1
DA:156,2
DA:157,2
DA:158,2
DA:159,2
DA:161,1
DA:192,1
DA:198,2
DA:199,2
DA:200,2
DA:201,2
DA:202,1
DA:209,2
DA:211,1
DA:216,9
DA:217,9
DA:218,9
LF:61
LH:61
BRDA:83,0,0,1
BRDA:83,0,1,1
BRDA:116,1,0,3
BRDA:116,1,1,0
BRDA:201,2,0,1
BRDA:201,2,1,1
BRDA:217,3,0,0
BRDA:217,3,1,9
BRF:8
BRH:6
end_of_record
TN:
SF:src\module\resource-catalog\infra\presentation\http\controller\resource-specification\resource-specification.controller.ts
FN:49,(anonymous_4)
FN:79,(anonymous_5)
FN:115,(anonymous_6)
FN:158,(anonymous_7)
FN:206,(anonymous_8)
FN:237,(anonymous_9)
FNF:6
FNH:6
FNDA:1,(anonymous_4)
FNDA:4,(anonymous_5)
FNDA:3,(anonymous_6)
FNDA:2,(anonymous_7)
FNDA:2,(anonymous_8)
FNDA:11,(anonymous_9)
DA:1,1
DA:15,1
DA:25,1
DA:26,1
DA:27,1
DA:28,1
DA:29,1
DA:30,1
DA:31,1
DA:32,1
DA:33,1
DA:34,1
DA:35,1
DA:36,1
DA:37,1
DA:38,1
DA:39,1
DA:40,1
DA:41,1
DA:43,1
DA:48,1
DA:50,1
DA:51,1
DA:52,1
DA:53,1
DA:54,1
DA:79,1
DA:83,4
DA:84,4
DA:85,4
DA:89,2
DA:90,1
DA:97,2
DA:99,3
DA:115,1
DA:119,3
DA:120,3
DA:121,3
DA:122,3
DA:123,3
DA:127,3
DA:128,3
DA:130,3
DA:136,1
DA:158,1
DA:162,2
DA:163,2
DA:164,2
DA:165,2
DA:171,1
DA:206,1
DA:212,2
DA:213,2
DA:214,2
DA:219,2
DA:220,1
DA:227,2
DA:233,1
DA:238,11
DA:239,11
DA:240,11
LF:61
LH:61
BRDA:89,0,0,1
BRDA:89,0,1,1
BRDA:122,1,0,3
BRDA:122,1,1,0
BRDA:219,2,0,1
BRDA:219,2,1,1
BRDA:239,3,0,0
BRDA:239,3,1,11
BRF:8
BRH:6
end_of_record
TN:
SF:src\module\resource-catalog\infra\presentation\http\presenter\hub\hub.presenter.ts
FN:15,(anonymous_0)
FN:24,(anonymous_1)
FN:29,(anonymous_2)
FN:34,(anonymous_3)
FN:43,(anonymous_4)
FN:71,(anonymous_5)
FNF:6
FNH:5
FNDA:1,(anonymous_0)
FNDA:1,(anonymous_1)
FNDA:1,(anonymous_2)
FNDA:0,(anonymous_3)
FNDA:2,(anonymous_4)
FNDA:4,(anonymous_5)
DA:1,1
DA:6,1
DA:7,1
DA:8,1
DA:9,1
DA:14,1
DA:16,1
DA:17,0
DA:20,1
DA:21,1
DA:25,1
DA:26,0
DA:28,1
DA:29,1
DA:30,1
DA:35,0
DA:47,2
DA:52,2
DA:53,2
DA:68,2
DA:74,4
DA:75,4
DA:78,0
DA:79,0
DA:82,0
LF:25
LH:19
BRDA:16,0,0,0
BRDA:16,0,1,1
BRDA:25,1,0,0
BRDA:25,1,1,1
BRDA:36,2,0,0
BRDA:36,2,1,0
BRDA:38,3,0,0
BRDA:38,3,1,0
BRDA:39,4,0,0
BRDA:39,4,1,0
BRDA:74,5,0,4
BRDA:74,5,1,0
BRDA:78,6,0,0
BRDA:78,6,1,0
BRF:14
BRH:3
end_of_record
TN:
SF:src\module\resource-catalog\infra\presentation\http\presenter\resource-catalog\resource-catalog.presenter.ts
FN:17,(anonymous_0)
FN:38,(anonymous_1)
FN:54,(anonymous_2)
FN:59,(anonymous_3)
FN:68,(anonymous_4)
FN:100,(anonymous_5)
FNF:6
FNH:6
FNDA:8,(anonymous_0)
FNDA:3,(anonymous_1)
FNDA:2,(anonymous_2)
FNDA:4,(anonymous_3)
FNDA:6,(anonymous_4)
FNDA:24,(anonymous_5)
DA:1,2
DA:3,2
DA:8,2
DA:9,2
DA:10,2
DA:11,2
DA:16,2
DA:25,8
DA:26,3
DA:29,5
DA:30,5
DA:35,4
DA:43,3
DA:44,0
DA:47,3
DA:49,3
DA:54,2
DA:55,2
DA:60,4
DA:73,6
DA:74,6
DA:76,6
DA:95,6
DA:103,24
DA:104,23
DA:107,1
DA:108,1
DA:111,0
LF:28
LH:26
BRDA:25,0,0,3
BRDA:25,0,1,5
BRDA:43,1,0,0
BRDA:43,1,1,3
BRDA:61,2,0,4
BRDA:61,2,1,0
BRDA:63,3,0,4
BRDA:63,3,1,3
BRDA:64,4,0,4
BRDA:64,4,1,4
BRDA:73,5,0,6
BRDA:73,5,1,4
BRDA:103,6,0,23
BRDA:103,6,1,1
BRDA:107,7,0,1
BRDA:107,7,1,0
BRF:16
BRH:13
end_of_record
TN:
SF:src\module\resource-catalog\infra\presentation\http\presenter\resource-category\resource-category.presenter.ts
FN:17,(anonymous_0)
FN:41,(anonymous_1)
FN:57,(anonymous_2)
FN:62,(anonymous_3)
FN:71,(anonymous_4)
FN:103,(anonymous_5)
FNF:6
FNH:6
FNDA:8,(anonymous_0)
FNDA:3,(anonymous_1)
FNDA:2,(anonymous_2)
FNDA:4,(anonymous_3)
FNDA:6,(anonymous_4)
FNDA:24,(anonymous_5)
DA:1,2
DA:3,2
DA:8,2
DA:9,2
DA:10,2
DA:11,2
DA:16,2
DA:25,8
DA:26,3
DA:29,5
DA:34,4
DA:46,3
DA:47,0
DA:50,3
DA:52,3
DA:57,2
DA:58,2
DA:63,4
DA:76,6
DA:78,6
DA:98,6
DA:106,24
DA:107,24
DA:110,0
DA:111,0
DA:114,0
LF:26
LH:22
BRDA:25,0,0,3
BRDA:25,0,1,5
BRDA:46,1,0,0
BRDA:46,1,1,3
BRDA:64,2,0,4
BRDA:64,2,1,0
BRDA:66,3,0,4
BRDA:66,3,1,3
BRDA:67,4,0,4
BRDA:67,4,1,4
BRDA:76,5,0,6
BRDA:76,5,1,4
BRDA:106,6,0,24
BRDA:106,6,1,0
BRDA:110,7,0,0
BRDA:110,7,1,0
BRF:16
BRH:11
end_of_record
TN:
SF:src\module\resource-catalog\infra\presentation\http\presenter\resource-specification\resource-specification.presenter.ts
FN:17,(anonymous_0)
FN:38,(anonymous_1)
FN:53,(anonymous_2)
FN:58,(anonymous_3)
FN:67,(anonymous_4)
FN:104,(anonymous_5)
FNF:6
FNH:6
FNDA:8,(anonymous_0)
FNDA:3,(anonymous_1)
FNDA:2,(anonymous_2)
FNDA:6,(anonymous_3)
FNDA:6,(anonymous_4)
FNDA:24,(anonymous_5)
DA:1,2
DA:3,2
DA:8,2
DA:9,2
DA:10,2
DA:11,2
DA:16,2
DA:25,8
DA:26,3
DA:29,5
DA:30,5
DA:35,4
DA:43,3
DA:44,0
DA:47,3
DA:48,3
DA:53,2
DA:54,2
DA:59,6
DA:73,6
DA:74,6
DA:76,6
DA:99,6
DA:107,24
DA:108,24
DA:111,0
DA:112,0
DA:115,0
LF:28
LH:24
BRDA:25,0,0,3
BRDA:25,0,1,5
BRDA:43,1,0,0
BRDA:43,1,1,3
BRDA:60,2,0,6
BRDA:60,2,1,0
BRDA:62,3,0,6
BRDA:62,3,1,3
BRDA:63,4,0,6
BRDA:63,4,1,6
BRDA:73,5,0,6
BRDA:73,5,1,4
BRDA:107,6,0,24
BRDA:107,6,1,0
BRDA:111,7,0,0
BRDA:111,7,1,0
BRF:16
BRH:11
end_of_record
TN:
SF:src\module\resource-catalog\infra\service\event-dispatcher.service.ts
FN:43,(anonymous_4)
FN:52,(anonymous_5)
FN:58,(anonymous_6)
FN:64,(anonymous_7)
FN:70,(anonymous_8)
FN:76,(anonymous_9)
FN:82,(anonymous_10)
FN:88,(anonymous_11)
FN:94,(anonymous_12)
FN:100,(anonymous_13)
FN:106,(anonymous_14)
FN:112,(anonymous_15)
FN:118,(anonymous_16)
FN:124,(anonymous_17)
FN:216,(anonymous_18)
FNF:15
FNH:5
FNDA:4,(anonymous_4)
FNDA:0,(anonymous_5)
FNDA:0,(anonymous_6)
FNDA:0,(anonymous_7)
FNDA:0,(anonymous_8)
FNDA:0,(anonymous_9)
FNDA:0,(anonymous_10)
FNDA:3,(anonymous_11)
FNDA:1,(anonymous_12)
FNDA:0,(anonymous_13)
FNDA:0,(anonymous_14)
FNDA:0,(anonymous_15)
FNDA:0,(anonymous_16)
FNDA:4,(anonymous_17)
FNDA:4,(anonymous_18)
DA:1,1
DA:4,1
DA:27,1
DA:32,1
DA:33,1
DA:36,1
DA:42,1
DA:45,4
DA:47,4
DA:49,4
DA:55,0
DA:61,0
DA:67,0
DA:73,0
DA:79,0
DA:85,0
DA:91,3
DA:97,1
DA:103,0
DA:109,0
DA:115,0
DA:121,0
DA:125,4
DA:126,4
DA:129,4
DA:130,4
DA:132,4
DA:144,4
DA:145,4
DA:147,4
DA:148,8
DA:149,8
DA:150,3
DA:151,3
DA:152,1
DA:168,1
DA:172,7
DA:173,7
DA:175,7
DA:179,6
DA:181,1
DA:182,1
DA:201,4
DA:217,4
DA:218,0
DA:221,4
DA:222,4
DA:229,4
DA:230,12
DA:231,12
DA:232,4
DA:233,4
DA:234,4
DA:239,0
LF:54
LH:42
BRDA:149,0,0,3
BRDA:149,0,1,5
BRDA:151,1,0,1
BRDA:151,1,1,2
BRDA:151,2,0,3
BRDA:151,2,1,2
BRDA:217,3,0,0
BRDA:217,3,1,4
BRDA:217,4,0,4
BRDA:217,4,1,4
BRDA:231,5,0,4
BRDA:231,5,1,8
BRDA:231,6,0,12
BRDA:231,6,1,4
BRDA:231,6,2,4
BRDA:233,7,0,4
BRDA:233,7,1,0
BRDA:233,8,0,4
BRDA:233,8,1,4
BRF:19
BRH:17
end_of_record
TN:
SF:src\shared\application\const\context-method.constant.ts
FNF:0
FNH:0
DA:1,2
LF:1
LH:1
BRF:0
BRH:0
end_of_record
TN:
SF:src\shared\application\const\message-broker-dlq-default.const.ts
FNF:0
FNH:0
DA:1,3
DA:2,3
LF:2
LH:2
BRF:0
BRH:0
end_of_record
TN:
SF:src\shared\application\const\message-broker-internal-patterns.const.ts
FNF:0
FNH:0
DA:1,2
DA:3,2
DA:36,2
LF:3
LH:3
BRF:0
BRH:0
end_of_record
TN:
SF:src\shared\application\const\message-broker-unknown-event-pattern.const.ts
FNF:0
FNH:0
DA:1,3
LF:1
LH:1
BRF:0
BRH:0
end_of_record
TN:
SF:src\shared\application\const\route.const.ts
FNF:0
FNH:0
DA:19,5
DA:516,5
LF:2
LH:2
BRF:0
BRH:0
end_of_record
TN:
SF:src\shared\application\const\status-code.constant.ts
FN:25,(anonymous_0)
FNF:1
FNH:0
FNDA:0,(anonymous_0)
DA:1,6
DA:17,6
DA:25,6
DA:28,0
LF:4
LH:3
BRDA:26,0,0,0
BRDA:28,1,0,0
BRDA:28,1,1,0
BRF:3
BRH:0
end_of_record
TN:
SF:src\shared\application\decorator\cache.decorator.ts
FN:7,CacheMethod
FN:8,(anonymous_1)
FN:15,(anonymous_2)
FNF:3
FNH:3
FNDA:6,CacheMethod
FNDA:6,(anonymous_1)
FNDA:7,(anonymous_2)
DA:1,1
DA:4,1
DA:5,1
DA:7,1
DA:8,6
DA:13,6
DA:15,6
DA:16,7
DA:17,7
DA:18,7
DA:19,7
DA:20,7
DA:22,7
DA:23,7
DA:24,1
DA:25,1
DA:28,6
DA:30,6
DA:31,2
DA:34,4
DA:35,4
DA:36,4
DA:39,6
LF:23
LH:23
BRDA:22,0,0,7
BRDA:22,0,1,2
BRDA:23,1,0,1
BRDA:23,1,1,6
BRDA:30,2,0,2
BRDA:30,2,1,4
BRDA:35,3,0,4
BRDA:35,3,1,3
BRF:8
BRH:8
end_of_record
TN:
SF:src\shared\application\decorator\log-reset-context.decorator.ts
FN:10,LogResetContext
FN:11,(anonymous_1)
FN:17,(anonymous_2)
FNF:3
FNH:3
FNDA:4,LogResetContext
FNDA:4,(anonymous_1)
FNDA:4,(anonymous_2)
DA:1,1
DA:2,1
DA:4,1
DA:5,1
DA:6,1
DA:8,1
DA:10,1
DA:11,4
DA:12,4
DA:14,4
DA:15,4
DA:17,4
DA:18,4
DA:19,4
DA:20,4
DA:21,4
DA:22,4
DA:28,4
DA:36,3
DA:37,3
DA:38,3
DA:40,3
DA:46,1
DA:53,4
DA:55,4
LF:25
LH:25
BRDA:22,0,0,4
BRDA:22,0,1,4
BRDA:22,0,2,4
BRF:3
BRH:3
end_of_record
TN:
SF:src\shared\application\dto\message-broker\rmq-base-request.dto.ts
FN:6,(anonymous_0)
FNF:1
FNH:0
FNDA:0,(anonymous_0)
DA:1,1
DA:7,0
DA:8,0
DA:11,0
DA:12,0
DA:15,0
DA:21,0
DA:24,0
DA:25,0
DA:26,0
LF:10
LH:1
BRDA:6,0,0,0
BRDA:7,1,0,0
BRDA:7,1,1,0
BRDA:7,2,0,0
BRDA:7,2,1,0
BRDA:11,3,0,0
BRDA:11,3,1,0
BRDA:11,4,0,0
BRDA:11,4,1,0
BRDA:15,5,0,0
BRDA:15,5,1,0
BRDA:16,6,0,0
BRDA:16,6,1,0
BRDA:16,6,2,0
BRDA:16,6,3,0
BRF:15
BRH:0
end_of_record
TN:
SF:src\shared\application\dto\tmf\tmf-base-response.dto.ts
FN:4,(anonymous_2)
FN:11,(anonymous_3)
FN:17,(anonymous_4)
FNF:3
FNH:1
FNDA:18,(anonymous_2)
FNDA:0,(anonymous_3)
FNDA:0,(anonymous_4)
DA:1,4
DA:3,4
DA:5,18
DA:6,0
DA:8,18
DA:12,0
DA:16,4
DA:18,0
DA:19,0
DA:20,0
DA:27,4
DA:32,4
DA:34,0
DA:36,0
LF:14
LH:7
BRDA:5,0,0,0
BRDA:5,0,1,18
BRDA:5,1,0,18
BRDA:5,1,1,18
BRF:4
BRH:3
end_of_record
TN:
SF:src\shared\application\dto\tmf\tmf-error-dto-for.ts
FN:4,formatMessage
FN:9,(anonymous_3)
FN:16,TmfErrorDtoFor
FNF:3
FNH:3
FNDA:16,formatMessage
FNDA:35,(anonymous_3)
FNDA:41,TmfErrorDtoFor
DA:1,4
DA:2,4
DA:5,16
DA:9,35
DA:14,4
DA:16,4
DA:17,41
DA:19,16
DA:20,16
DA:21,16
DA:29,16
DA:35,16
DA:42,16
DA:45,16
DA:49,16
DA:50,16
LF:16
LH:16
BRDA:6,0,0,16
BRDA:6,0,1,0
BRDA:17,1,0,25
BRDA:17,1,1,16
BRDA:21,2,0,4
BRDA:21,2,1,12
BRF:6
BRH:5
end_of_record
TN:
SF:src\shared\application\dto\tmf\tmf-error.dto.ts
FN:5,(anonymous_2)
FN:12,(anonymous_3)
FN:14,(anonymous_4)
FN:20,(anonymous_5)
FNF:4
FNH:3
FNDA:1,(anonymous_2)
FNDA:0,(anonymous_3)
FNDA:2,(anonymous_4)
FNDA:2,(anonymous_5)
DA:1,1
DA:2,1
DA:4,1
DA:8,1
DA:9,1
DA:12,0
DA:14,2
DA:16,1
DA:20,2
DA:36,1
DA:47,1
DA:53,1
LF:12
LH:11
BRDA:6,0,0,0
BRDA:14,1,0,1
BRDA:14,1,1,0
BRDA:18,2,0,1
BRDA:18,2,1,0
BRDA:20,3,0,0
BRDA:20,3,1,2
BRDA:22,4,0,0
BRDA:22,4,1,0
BRDA:24,5,0,0
BRDA:24,5,1,0
BRF:11
BRH:3
end_of_record
TN:
SF:src\shared\application\entity\snowflake-id.entity.ts
FN:10,(anonymous_1)
FN:14,(anonymous_2)
FNF:2
FNH:1
FNDA:270,(anonymous_1)
FNDA:0,(anonymous_2)
DA:1,18
DA:2,18
DA:4,18
DA:6,18
DA:10,270
DA:12,18
DA:14,0
DA:19,18
LF:8
LH:7
BRDA:12,0,0,0
BRDA:12,0,1,18
BRF:2
BRH:1
end_of_record
TN:
SF:src\shared\application\error\app.error.ts
FN:7,(anonymous_0)
FN:13,(anonymous_1)
FNF:2
FNH:1
FNDA:14,(anonymous_0)
FNDA:0,(anonymous_1)
DA:3,5
DA:8,14
DA:9,14
DA:10,14
DA:14,0
LF:5
LH:4
BRDA:7,0,0,0
BRDA:7,1,0,0
BRF:2
BRH:0
end_of_record
TN:
SF:src\shared\application\error\bad-request.error.ts
FN:7,(anonymous_0)
FN:12,(anonymous_1)
FNF:2
FNH:1
FNDA:5,(anonymous_0)
FNDA:0,(anonymous_1)
DA:3,10
DA:4,5
DA:8,5
DA:9,5
DA:13,0
LF:5
LH:4
BRDA:8,0,0,5
BRDA:8,0,1,0
BRF:2
BRH:1
end_of_record
TN:
SF:src\shared\application\error\forbiden-request.error.ts
FN:7,(anonymous_0)
FN:12,(anonymous_1)
FNF:2
FNH:1
FNDA:1,(anonymous_0)
FNDA:0,(anonymous_1)
DA:3,5
DA:4,1
DA:8,1
DA:9,1
DA:13,0
LF:5
LH:4
BRDA:8,0,0,1
BRDA:8,0,1,0
BRF:2
BRH:1
end_of_record
TN:
SF:src\shared\application\error\unprocessable-entity.error.ts
FN:7,(anonymous_0)
FN:12,(anonymous_1)
FNF:2
FNH:1
FNDA:2,(anonymous_0)
FNDA:0,(anonymous_1)
DA:3,2
DA:4,2
DA:8,2
DA:9,2
DA:13,0
LF:5
LH:4
BRDA:8,0,0,2
BRDA:8,0,1,0
BRF:2
BRH:1
end_of_record
TN:
SF:src\shared\application\guard\auth.guard.ts
FN:28,(anonymous_2)
FN:35,(anonymous_3)
FN:157,(anonymous_4)
FNF:3
FNH:3
FNDA:9,(anonymous_2)
FNDA:9,(anonymous_3)
FNDA:9,(anonymous_4)
DA:1,5
DA:8,5
DA:9,5
DA:12,5
DA:13,5
DA:14,5
DA:15,5
DA:16,5
DA:17,5
DA:19,5
DA:20,5
DA:23,5
DA:24,9
DA:29,9
DA:30,9
DA:31,9
DA:32,9
DA:36,9
DA:37,9
DA:38,9
DA:40,9
DA:41,4
DA:42,4
DA:46,4
DA:47,1
DA:55,1
DA:56,1
DA:58,1
DA:69,1
DA:72,3
DA:75,1
DA:79,1
DA:82,2
DA:86,1
DA:90,1
DA:93,1
DA:96,5
DA:97,5
DA:106,3
DA:107,3
DA:109,2
DA:110,1
DA:118,1
DA:120,1
DA:132,1
DA:135,3
DA:139,3
DA:140,2
DA:141,2
DA:142,1
DA:150,1
DA:154,2
DA:159,9
DA:160,9
LF:54
LH:54
BRDA:40,0,0,4
BRDA:40,0,1,5
BRDA:41,1,0,4
BRDA:41,1,1,3
BRDA:42,2,0,4
BRDA:42,2,1,3
BRDA:46,3,0,1
BRDA:46,3,1,3
BRDA:46,4,0,4
BRDA:46,4,1,3
BRDA:72,5,0,1
BRDA:72,5,1,2
BRDA:82,6,0,1
BRDA:82,6,1,1
BRDA:109,7,0,1
BRDA:109,7,1,1
BRDA:139,8,0,2
BRDA:139,8,1,1
BRDA:141,9,0,1
BRDA:141,9,1,1
BRDA:159,10,0,9
BRDA:159,10,1,4
BRDA:160,11,0,9
BRDA:160,11,1,4
BRF:24
BRH:24
end_of_record
TN:
SF:src\shared\application\port\compress\compress.repository.ts
FNF:0
FNH:0
DA:1,1
LF:1
LH:1
BRF:0
BRH:0
end_of_record
TN:
SF:src\shared\application\type\either.ts
FN:7,(anonymous_0)
FN:11,(anonymous_1)
FN:15,(anonymous_2)
FN:24,(anonymous_3)
FN:28,(anonymous_4)
FN:32,(anonymous_5)
FN:39,(anonymous_6)
FN:43,(anonymous_7)
FNF:8
FNH:8
FNDA:46,(anonymous_0)
FNDA:1,(anonymous_1)
FNDA:46,(anonymous_2)
FNDA:48,(anonymous_3)
FNDA:38,(anonymous_4)
FNDA:18,(anonymous_5)
FNDA:46,(anonymous_6)
FNDA:48,(anonymous_7)
DA:4,12
DA:8,46
DA:12,1
DA:16,46
DA:21,12
DA:25,48
DA:29,38
DA:33,18
DA:39,12
DA:40,46
DA:43,12
DA:44,48
LF:12
LH:12
BRF:0
BRH:0
end_of_record
TN:
SF:src\shared\domain\decorator\role.decorator.ts
FN:6,(anonymous_0)
FNF:1
FNH:1
FNDA:15,(anonymous_0)
DA:1,5
DA:5,5
DA:6,5
DA:7,15
LF:4
LH:4
BRF:0
BRH:0
end_of_record
TN:
SF:src\shared\domain\entity\user.entity.ts
FN:10,(anonymous_0)
FN:32,(anonymous_1)
FN:36,(anonymous_2)
FN:37,(anonymous_3)
FN:72,(anonymous_4)
FN:73,(anonymous_5)
FNF:6
FNH:6
FNDA:4,(anonymous_0)
FNDA:4,(anonymous_1)
FNDA:6,(anonymous_2)
FNDA:6,(anonymous_3)
FNDA:10,(anonymous_4)
FNDA:5,(anonymous_5)
DA:1,5
DA:3,5
DA:17,4
DA:18,4
DA:19,4
DA:20,4
DA:21,4
DA:23,4
DA:24,0
DA:27,4
DA:28,0
DA:33,4
DA:37,6
DA:41,5
DA:45,5
DA:49,5
DA:55,5
DA:60,5
DA:65,5
DA:70,5
DA:72,10
DA:73,5
DA:78,5
DA:84,5
LF:24
LH:22
BRDA:23,0,0,0
BRDA:23,0,1,4
BRDA:27,1,0,0
BRDA:27,1,1,4
BRF:4
BRH:2
end_of_record
TN:
SF:src\shared\infra\cache\cache-manager\cache.service.ts
FN:16,(anonymous_4)
FN:28,(anonymous_5)
FN:84,(anonymous_6)
FN:132,(anonymous_7)
FN:175,(anonymous_8)
FN:212,(anonymous_9)
FN:216,(anonymous_10)
FNF:7
FNH:5
FNDA:13,(anonymous_4)
FNDA:5,(anonymous_5)
FNDA:3,(anonymous_6)
FNDA:3,(anonymous_7)
FNDA:2,(anonymous_8)
FNDA:0,(anonymous_9)
FNDA:0,(anonymous_10)
DA:1,1
DA:2,1
DA:6,1
DA:8,1
DA:9,1
DA:12,1
DA:18,13
DA:20,13
DA:22,13
DA:24,13
DA:25,13
DA:29,5
DA:30,5
DA:31,1
DA:32,1
DA:33,0
DA:35,1
DA:38,4
DA:48,4
DA:50,3
DA:61,3
DA:65,2
DA:68,1
DA:70,1
DA:80,1
DA:90,3
DA:91,3
DA:92,1
DA:93,1
DA:96,2
DA:106,2
DA:108,1
DA:119,1
DA:133,3
DA:134,3
DA:135,0
DA:136,0
DA:139,3
DA:148,3
DA:149,2
DA:162,1
DA:176,2
DA:177,2
DA:187,2
DA:189,1
DA:199,1
DA:216,0
DA:218,0
DA:219,0
DA:222,0
DA:225,0
DA:226,0
DA:228,0
LF:53
LH:43
BRDA:28,0,0,4
BRDA:30,1,0,1
BRDA:30,1,1,4
BRDA:32,2,0,0
BRDA:32,2,1,1
BRDA:32,3,0,1
BRDA:32,3,1,1
BRDA:58,4,0,3
BRDA:58,4,1,0
BRDA:61,5,0,2
BRDA:61,5,1,1
BRDA:62,6,0,3
BRDA:62,6,1,2
BRDA:63,7,0,2
BRDA:63,7,1,2
BRDA:88,8,0,1
BRDA:91,9,0,1
BRDA:91,9,1,2
BRDA:92,10,0,1
BRDA:92,10,1,1
BRDA:106,11,0,2
BRDA:106,11,1,0
BRDA:132,12,0,3
BRDA:134,13,0,0
BRDA:134,13,1,3
BRDA:157,14,0,1
BRDA:157,14,1,1
BRDA:218,15,0,0
BRDA:218,15,1,0
BRDA:218,16,0,0
BRDA:218,16,1,0
BRDA:225,17,0,0
BRDA:225,17,1,0
BRDA:225,18,0,0
BRDA:225,18,1,0
BRF:35
BRH:23
end_of_record
TN:
SF:src\shared\infra\cache\nestjs-cls\nestjs-cls.service.ts
FN:9,(anonymous_0)
FN:27,(anonymous_1)
FN:42,(anonymous_2)
FNF:3
FNH:3
FNDA:4,(anonymous_0)
FNDA:4,(anonymous_1)
FNDA:4,(anonymous_2)
DA:4,1
DA:5,1
DA:6,1
DA:8,1
DA:10,4
DA:13,4
DA:14,2
DA:15,2
DA:16,2
DA:18,2
DA:19,2
DA:20,2
DA:23,4
DA:24,4
DA:28,4
DA:29,4
DA:30,4
DA:32,4
DA:34,4
DA:43,4
DA:44,4
DA:45,4
DA:47,4
LF:23
LH:23
BRDA:13,0,0,2
BRDA:13,0,1,2
BRDA:32,1,0,1
BRDA:32,1,1,3
BRDA:35,2,0,4
BRDA:35,2,1,2
BRDA:48,3,0,4
BRDA:48,3,1,2
BRDA:49,4,0,0
BRDA:49,4,1,2
BRF:10
BRH:9
end_of_record
TN:
SF:src\shared\infra\config\env\environment-config.service.ts
FN:9,(anonymous_2)
FN:11,(anonymous_3)
FN:22,(anonymous_4)
FNF:3
FNH:3
FNDA:142,(anonymous_2)
FNDA:142,(anonymous_3)
FNDA:140,(anonymous_4)
DA:1,23
DA:2,23
DA:3,23
DA:5,23
DA:8,23
DA:9,142
DA:15,142
DA:16,63
DA:18,79
DA:22,23
DA:26,140
DA:27,140
DA:32,140
LF:13
LH:13
BRDA:15,0,0,63
BRDA:15,0,1,79
BRF:2
BRH:2
end_of_record
TN:
SF:src\shared\infra\config\env\environment-config.validation.ts
FN:14,(anonymous_2)
FN:25,(anonymous_3)
FN:33,(anonymous_4)
FN:42,(anonymous_5)
FN:49,(anonymous_6)
FN:54,(anonymous_7)
FN:68,(anonymous_8)
FN:87,(anonymous_9)
FN:91,(anonymous_10)
FN:93,(anonymous_11)
FN:97,(anonymous_12)
FN:99,(anonymous_13)
FN:115,(anonymous_14)
FN:120,(anonymous_15)
FN:124,(anonymous_16)
FN:128,(anonymous_17)
FN:132,(anonymous_18)
FN:138,(anonymous_19)
FN:162,(anonymous_20)
FN:166,(anonymous_21)
FN:170,(anonymous_22)
FN:174,(anonymous_23)
FN:191,(anonymous_24)
FN:204,(anonymous_25)
FN:208,(anonymous_26)
FN:212,(anonymous_27)
FN:216,(anonymous_28)
FN:220,(anonymous_29)
FN:224,(anonymous_30)
FN:226,(anonymous_31)
FN:230,(anonymous_32)
FN:236,(anonymous_33)
FN:239,(anonymous_34)
FN:243,(anonymous_35)
FN:250,(anonymous_36)
FN:254,(anonymous_37)
FN:258,(anonymous_38)
FN:262,(anonymous_39)
FN:266,(anonymous_40)
FN:270,(anonymous_41)
FN:275,(anonymous_42)
FN:280,(anonymous_43)
FN:285,(anonymous_44)
FN:295,(anonymous_45)
FN:297,(anonymous_46)
FN:300,(anonymous_47)
FN:302,(anonymous_48)
FN:305,(anonymous_49)
FN:310,(anonymous_50)
FN:313,(anonymous_51)
FN:315,(anonymous_52)
FN:318,(anonymous_53)
FN:322,(anonymous_54)
FN:327,(anonymous_55)
FN:329,(anonymous_56)
FN:338,(anonymous_57)
FN:342,(anonymous_58)
FN:346,(anonymous_59)
FN:347,(anonymous_60)
FN:351,(anonymous_61)
FN:355,(anonymous_62)
FN:359,(anonymous_63)
FN:363,(anonymous_64)
FN:368,(anonymous_65)
FN:372,(anonymous_66)
FN:376,(anonymous_67)
FN:380,(anonymous_68)
FN:384,(anonymous_69)
FN:389,(anonymous_70)
FN:393,(anonymous_71)
FN:398,(anonymous_72)
FN:402,(anonymous_73)
FN:406,(anonymous_74)
FN:411,(anonymous_75)
FN:419,(anonymous_76)
FN:426,(anonymous_77)
FN:430,(anonymous_78)
FN:434,(anonymous_79)
FN:439,(anonymous_80)
FN:444,(anonymous_81)
FN:448,(anonymous_82)
FN:452,(anonymous_83)
FN:456,(anonymous_84)
FN:460,(anonymous_85)
FN:464,(anonymous_86)
FN:468,(anonymous_87)
FN:472,(anonymous_88)
FN:476,(anonymous_89)
FN:481,(anonymous_90)
FN:487,(anonymous_91)
FN:493,(anonymous_92)
FN:498,(anonymous_93)
FN:502,(anonymous_94)
FN:506,(anonymous_95)
FN:511,validate
FNF:95
FNH:13
FNDA:23,(anonymous_2)
FNDA:23,(anonymous_3)
FNDA:23,(anonymous_4)
FNDA:23,(anonymous_5)
FNDA:23,(anonymous_6)
FNDA:23,(anonymous_7)
FNDA:0,(anonymous_8)
FNDA:0,(anonymous_9)
FNDA:0,(anonymous_10)
FNDA:0,(anonymous_11)
FNDA:0,(anonymous_12)
FNDA:0,(anonymous_13)
FNDA:0,(anonymous_14)
FNDA:0,(anonymous_15)
FNDA:0,(anonymous_16)
FNDA:0,(anonymous_17)
FNDA:0,(anonymous_18)
FNDA:23,(anonymous_19)
FNDA:13,(anonymous_20)
FNDA:13,(anonymous_21)
FNDA:1,(anonymous_22)
FNDA:1,(anonymous_23)
FNDA:1,(anonymous_24)
FNDA:0,(anonymous_25)
FNDA:0,(anonymous_26)
FNDA:0,(anonymous_27)
FNDA:0,(anonymous_28)
FNDA:0,(anonymous_29)
FNDA:0,(anonymous_30)
FNDA:0,(anonymous_31)
FNDA:0,(anonymous_32)
FNDA:0,(anonymous_33)
FNDA:0,(anonymous_34)
FNDA:0,(anonymous_35)
FNDA:0,(anonymous_36)
FNDA:0,(anonymous_37)
FNDA:0,(anonymous_38)
FNDA:0,(anonymous_39)
FNDA:0,(anonymous_40)
FNDA:0,(anonymous_41)
FNDA:0,(anonymous_42)
FNDA:0,(anonymous_43)
FNDA:0,(anonymous_44)
FNDA:0,(anonymous_45)
FNDA:0,(anonymous_46)
FNDA:0,(anonymous_47)
FNDA:0,(anonymous_48)
FNDA:0,(anonymous_49)
FNDA:0,(anonymous_50)
FNDA:0,(anonymous_51)
FNDA:0,(anonymous_52)
FNDA:0,(anonymous_53)
FNDA:0,(anonymous_54)
FNDA:0,(anonymous_55)
FNDA:0,(anonymous_56)
FNDA:0,(anonymous_57)
FNDA:0,(anonymous_58)
FNDA:0,(anonymous_59)
FNDA:0,(anonymous_60)
FNDA:0,(anonymous_61)
FNDA:0,(anonymous_62)
FNDA:0,(anonymous_63)
FNDA:0,(anonymous_64)
FNDA:0,(anonymous_65)
FNDA:0,(anonymous_66)
FNDA:0,(anonymous_67)
FNDA:0,(anonymous_68)
FNDA:0,(anonymous_69)
FNDA:0,(anonymous_70)
FNDA:0,(anonymous_71)
FNDA:0,(anonymous_72)
FNDA:0,(anonymous_73)
FNDA:0,(anonymous_74)
FNDA:0,(anonymous_75)
FNDA:0,(anonymous_76)
FNDA:0,(anonymous_77)
FNDA:0,(anonymous_78)
FNDA:0,(anonymous_79)
FNDA:0,(anonymous_80)
FNDA:0,(anonymous_81)
FNDA:0,(anonymous_82)
FNDA:0,(anonymous_83)
FNDA:0,(anonymous_84)
FNDA:0,(anonymous_85)
FNDA:0,(anonymous_86)
FNDA:0,(anonymous_87)
FNDA:0,(anonymous_88)
FNDA:0,(anonymous_89)
FNDA:4,(anonymous_90)
FNDA:0,(anonymous_91)
FNDA:0,(anonymous_92)
FNDA:0,(anonymous_93)
FNDA:0,(anonymous_94)
FNDA:0,(anonymous_95)
FNDA:0,validate
DA:1,23
DA:2,23
DA:14,23
DA:15,23
DA:16,23
DA:17,23
DA:18,23
DA:19,23
DA:20,23
DA:21,23
DA:22,23
DA:25,23
DA:27,23
DA:28,23
DA:29,23
DA:30,23
DA:33,23
DA:34,23
DA:35,23
DA:36,23
DA:37,23
DA:38,23
DA:39,23
DA:42,23
DA:43,23
DA:44,23
DA:45,23
DA:46,23
DA:49,23
DA:50,23
DA:51,23
DA:54,23
DA:55,23
DA:56,23
DA:59,23
DA:62,23
DA:65,23
DA:68,0
DA:69,23
DA:72,23
DA:76,23
DA:80,23
DA:84,23
DA:87,0
DA:88,23
DA:91,0
DA:93,0
DA:94,23
DA:97,0
DA:99,0
DA:100,23
DA:104,23
DA:108,23
DA:112,23
DA:115,0
DA:116,23
DA:120,0
DA:121,23
DA:124,0
DA:125,23
DA:128,0
DA:129,23
DA:132,0
DA:133,23
DA:138,23
DA:139,23
DA:143,23
DA:147,23
DA:151,23
DA:155,23
DA:159,23
DA:162,13
DA:163,23
DA:166,13
DA:167,23
DA:170,1
DA:171,23
DA:174,1
DA:175,23
DA:179,23
DA:182,23
DA:185,23
DA:188,23
DA:191,1
DA:192,23
DA:196,23
DA:201,23
DA:204,0
DA:206,23
DA:208,0
DA:210,23
DA:212,0
DA:214,23
DA:216,0
DA:218,23
DA:220,0
DA:222,23
DA:224,0
DA:226,0
DA:227,23
DA:231,0
DA:234,23
DA:236,0
DA:239,0
DA:240,23
DA:243,0
DA:247,23
DA:250,0
DA:252,23
DA:254,0
DA:256,23
DA:258,0
DA:260,23
DA:262,0
DA:264,23
DA:266,0
DA:268,23
DA:270,0
DA:273,23
DA:275,0
DA:278,23
DA:280,0
DA:283,23
DA:285,0
DA:288,23
DA:293,23
DA:295,0
DA:297,0
DA:298,23
DA:300,0
DA:302,0
DA:303,23
DA:305,0
DA:307,23
DA:310,0
DA:311,23
DA:313,0
DA:315,0
DA:316,23
DA:318,0
DA:320,23
DA:322,0
DA:325,23
DA:327,0
DA:329,0
DA:330,23
DA:335,23
DA:338,0
DA:339,23
DA:342,0
DA:343,23
DA:346,0
DA:347,0
DA:348,23
DA:351,0
DA:352,23
DA:355,0
DA:356,23
DA:359,0
DA:360,23
DA:363,0
DA:364,23
DA:368,0
DA:369,23
DA:372,0
DA:373,23
DA:376,0
DA:377,23
DA:380,0
DA:381,23
DA:384,0
DA:385,23
DA:389,0
DA:390,23
DA:393,0
DA:394,23
DA:398,0
DA:399,23
DA:402,0
DA:403,23
DA:406,0
DA:407,23
DA:412,0
DA:415,23
DA:420,0
DA:423,23
DA:426,0
DA:427,23
DA:430,0
DA:431,23
DA:434,0
DA:435,23
DA:439,0
DA:440,23
DA:444,0
DA:445,23
DA:448,0
DA:449,23
DA:452,0
DA:453,23
DA:456,0
DA:457,23
DA:460,0
DA:461,23
DA:464,0
DA:465,23
DA:468,0
DA:469,23
DA:472,0
DA:473,23
DA:476,0
DA:479,138
DA:481,4
DA:484,138
DA:487,0
DA:490,138
DA:493,0
DA:496,138
DA:498,0
DA:500,23
DA:502,0
DA:504,23
DA:506,0
DA:508,23
DA:511,23
DA:514,0
DA:517,0
DA:521,0
DA:523,0
DA:524,0
DA:526,0
LF:231
LH:144
BRDA:14,0,0,23
BRDA:14,0,1,23
BRDA:25,1,0,23
BRDA:25,1,1,23
BRDA:33,2,0,23
BRDA:33,2,1,23
BRDA:42,3,0,23
BRDA:42,3,1,23
BRDA:49,4,0,23
BRDA:49,4,1,23
BRDA:54,5,0,23
BRDA:54,5,1,23
BRDA:138,6,0,1
BRDA:138,6,1,22
BRDA:231,7,0,0
BRDA:231,7,1,0
BRDA:243,8,0,0
BRDA:243,8,1,0
BRDA:412,9,0,0
BRDA:412,9,1,0
BRDA:420,10,0,0
BRDA:420,10,1,0
BRDA:521,11,0,0
BRDA:521,11,1,0
BRF:24
BRH:14
end_of_record
TN:
SF:src\shared\infra\filter\http-exception.filter.ts
FN:17,(anonymous_2)
FN:19,(anonymous_3)
FN:64,(anonymous_4)
FN:81,(anonymous_5)
FNF:4
FNH:4
FNDA:1,(anonymous_2)
FNDA:1,(anonymous_3)
FNDA:1,(anonymous_4)
FNDA:1,(anonymous_5)
DA:1,1
DA:10,1
DA:11,1
DA:12,1
DA:13,1
DA:16,1
DA:17,1
DA:20,1
DA:21,1
DA:22,1
DA:23,1
DA:25,1
DA:26,1
DA:27,1
DA:28,1
DA:30,1
DA:31,1
DA:41,1
DA:52,1
DA:61,1
DA:67,1
DA:69,1
DA:78,1
DA:82,1
DA:83,0
DA:86,1
DA:87,0
DA:90,1
DA:91,1
DA:93,1
DA:94,0
DA:97,1
DA:98,1
DA:99,2
DA:100,2
DA:105,1
DA:109,0
DA:112,1
LF:38
LH:34
BRDA:25,0,0,1
BRDA:25,0,1,0
BRDA:30,1,0,1
BRDA:30,1,1,0
BRDA:44,2,0,0
BRDA:44,2,1,1
BRDA:46,3,0,1
BRDA:46,3,1,0
BRDA:69,4,0,0
BRDA:69,4,1,1
BRDA:71,5,0,1
BRDA:71,5,1,0
BRDA:73,6,0,0
BRDA:73,6,1,0
BRDA:73,7,0,0
BRDA:73,7,1,0
BRDA:78,8,0,1
BRDA:78,8,1,0
BRDA:82,9,0,0
BRDA:82,9,1,1
BRDA:83,10,0,0
BRDA:83,10,1,0
BRDA:86,11,0,0
BRDA:86,11,1,1
BRDA:86,12,0,1
BRDA:86,12,1,1
BRDA:93,13,0,0
BRDA:93,13,1,1
BRDA:93,14,0,1
BRDA:93,14,1,0
BRDA:97,15,0,1
BRDA:97,15,1,0
BRDA:99,16,0,2
BRDA:99,16,1,0
BRDA:99,17,0,2
BRDA:99,17,1,2
BRDA:105,18,0,0
BRDA:105,18,1,1
BRDA:106,19,0,1
BRDA:106,19,1,0
BRF:40
BRH:19
end_of_record
TN:
SF:src\shared\infra\logger\common.logger.ts
FN:3,(anonymous_1)
FN:21,(anonymous_2)
FN:28,(anonymous_3)
FN:36,(anonymous_4)
FNF:4
FNH:4
FNDA:14,(anonymous_1)
FNDA:2,(anonymous_2)
FNDA:3,(anonymous_3)
FNDA:3,(anonymous_4)
DA:1,2
DA:3,2
DA:4,14
DA:6,1
DA:8,2
DA:10,2
DA:12,2
DA:14,7
DA:18,2
DA:19,2
DA:21,2
DA:22,2
DA:23,2
DA:26,2
DA:28,2
DA:29,3
DA:36,2
DA:37,3
LF:18
LH:18
BRDA:4,0,0,1
BRDA:4,0,1,2
BRDA:4,0,2,2
BRDA:4,0,3,2
BRDA:4,0,4,7
BRF:5
BRH:5
end_of_record
TN:
SF:src\shared\infra\logger\logger-typeorm.service.ts
FN:8,(anonymous_0)
FN:10,(anonymous_1)
FN:24,(anonymous_2)
FN:39,(anonymous_3)
FN:54,(anonymous_4)
FN:58,(anonymous_5)
FN:62,(anonymous_6)
FN:78,normalizeQuery
FNF:8
FNH:8
FNDA:9,(anonymous_0)
FNDA:2,(anonymous_1)
FNDA:1,(anonymous_2)
FNDA:1,(anonymous_3)
FNDA:1,(anonymous_4)
FNDA:1,(anonymous_5)
FNDA:3,(anonymous_6)
FNDA:4,normalizeQuery
DA:3,1
DA:7,1
DA:8,9
DA:15,2
DA:30,1
DA:45,1
DA:55,1
DA:59,1
DA:67,3
DA:69,1
DA:70,1
DA:72,2
DA:73,2
DA:79,4
LF:14
LH:14
BRDA:67,0,0,1
BRDA:67,0,1,2
BRF:2
BRH:2
end_of_record
TN:
SF:src\shared\infra\logger\logger.service.ts
FN:21,(anonymous_2)
FN:30,(anonymous_3)
FN:36,(anonymous_4)
FN:46,(anonymous_5)
FN:50,(anonymous_6)
FN:61,(anonymous_7)
FN:72,(anonymous_8)
FN:83,(anonymous_9)
FN:94,(anonymous_10)
FN:106,(anonymous_11)
FNF:10
FNH:10
FNDA:15,(anonymous_2)
FNDA:1,(anonymous_3)
FNDA:2,(anonymous_4)
FNDA:1,(anonymous_5)
FNDA:2,(anonymous_6)
FNDA:2,(anonymous_7)
FNDA:2,(anonymous_8)
FNDA:2,(anonymous_9)
FNDA:2,(anonymous_10)
FNDA:10,(anonymous_11)
DA:1,18
DA:2,18
DA:3,18
DA:5,18
DA:7,18
DA:18,18
DA:22,15
DA:23,15
DA:24,15
DA:26,15
DA:27,15
DA:31,1
DA:32,1
DA:33,1
DA:41,2
DA:42,2
DA:43,2
DA:47,1
DA:51,2
DA:52,2
DA:62,2
DA:63,2
DA:73,2
DA:74,2
DA:84,2
DA:85,2
DA:95,2
DA:97,2
DA:107,10
LF:29
LH:29
BRDA:41,0,0,1
BRDA:41,0,1,1
BRDA:42,1,0,2
BRDA:42,1,1,0
BRDA:43,2,0,1
BRDA:43,2,1,1
BRDA:51,3,0,1
BRDA:51,3,1,1
BRDA:62,4,0,1
BRDA:62,4,1,1
BRDA:73,5,0,1
BRDA:73,5,1,1
BRDA:84,6,0,1
BRDA:84,6,1,1
BRDA:95,7,0,1
BRDA:95,7,1,1
BRF:16
BRH:15
end_of_record
TN:
SF:src\shared\infra\logger\pino-transport.logger.ts
FN:67,(anonymous_1)
FN:92,(anonymous_2)
FN:95,(anonymous_3)
FN:96,(anonymous_4)
FN:99,(anonymous_5)
FN:102,(anonymous_6)
FN:105,(anonymous_7)
FN:108,(anonymous_8)
FN:111,(anonymous_9)
FN:140,(anonymous_10)
FN:144,(anonymous_11)
FN:158,(anonymous_12)
FNF:12
FNH:6
FNDA:13,(anonymous_1)
FNDA:13,(anonymous_2)
FNDA:2,(anonymous_3)
FNDA:0,(anonymous_4)
FNDA:0,(anonymous_5)
FNDA:0,(anonymous_6)
FNDA:0,(anonymous_7)
FNDA:0,(anonymous_8)
FNDA:0,(anonymous_9)
FNDA:13,(anonymous_10)
FNDA:13,(anonymous_11)
FNDA:1,(anonymous_12)
DA:2,1
DA:3,1
DA:10,1
DA:11,1
DA:16,1
DA:18,1
DA:67,1
DA:68,13
DA:70,13
DA:71,2
DA:74,13
DA:75,1
DA:78,13
DA:79,10
DA:84,7
DA:86,3
DA:90,13
DA:92,13
DA:95,1
DA:96,2
DA:97,0
DA:99,2
DA:100,0
DA:102,2
DA:103,0
DA:105,2
DA:106,0
DA:108,2
DA:109,0
DA:111,2
DA:112,0
DA:116,0
DA:140,1
DA:143,13
DA:144,13
DA:145,13
DA:146,13
DA:148,13
DA:149,2
DA:152,13
DA:155,13
DA:158,1
DA:162,1
LF:43
LH:36
BRDA:57,0,0,1
BRDA:57,0,1,0
BRDA:70,1,0,2
BRDA:70,1,1,11
BRDA:74,2,0,1
BRDA:74,2,1,12
BRDA:78,3,0,10
BRDA:78,3,1,3
BRDA:78,4,0,13
BRDA:78,4,1,13
BRDA:79,5,0,7
BRDA:79,5,1,3
BRDA:80,6,0,10
BRDA:80,6,1,3
BRDA:80,6,2,0
BRDA:148,7,0,2
BRDA:148,7,1,11
BRF:17
BRH:15
end_of_record
TN:
SF:src\shared\infra\message-broker\rmq\rmq-deserializer.service.ts
FN:11,(anonymous_0)
FN:18,(anonymous_1)
FN:22,(anonymous_2)
FN:26,(anonymous_3)
FN:33,(anonymous_4)
FN:34,(anonymous_5)
FNF:6
FNH:0
FNDA:0,(anonymous_0)
FNDA:0,(anonymous_1)
FNDA:0,(anonymous_2)
FNDA:0,(anonymous_3)
FNDA:0,(anonymous_4)
FNDA:0,(anonymous_5)
DA:3,2
DA:5,2
DA:12,0
DA:13,0
DA:15,0
DA:19,0
DA:23,0
DA:27,0
DA:30,0
DA:33,0
DA:34,0
DA:35,0
DA:37,0
LF:13
LH:2
BRDA:37,0,0,0
BRDA:37,0,1,0
BRF:2
BRH:0
end_of_record
TN:
SF:src\shared\infra\service\diff\diff.service.ts
FN:17,(anonymous_0)
FN:23,(anonymous_1)
FN:38,(anonymous_2)
FNF:3
FNH:3
FNDA:6,(anonymous_0)
FNDA:4,(anonymous_1)
FNDA:3,(anonymous_2)
DA:1,1
DA:3,1
DA:14,1
DA:15,11
DA:18,6
DA:19,6
DA:20,6
DA:24,4
DA:25,4
DA:27,4
DA:28,5
DA:29,3
DA:31,5
DA:32,3
DA:35,4
DA:39,3
DA:40,3
LF:17
LH:17
BRDA:28,0,0,3
BRDA:28,0,1,2
BRDA:31,1,0,3
BRDA:31,1,1,2
BRF:4
BRH:4
end_of_record
TN:
SF:src\shared\infra\service\encrypt\encrypt.handler.ts
FN:4,(anonymous_1)
FN:14,(anonymous_2)
FN:24,(anonymous_3)
FN:34,(anonymous_4)
FN:44,(anonymous_5)
FN:72,(anonymous_6)
FN:100,(anonymous_7)
FN:110,(anonymous_8)
FN:120,(anonymous_9)
FN:146,(anonymous_10)
FN:156,(anonymous_11)
FNF:11
FNH:11
FNDA:4,(anonymous_1)
FNDA:2,(anonymous_2)
FNDA:4,(anonymous_3)
FNDA:2,(anonymous_4)
FNDA:3,(anonymous_5)
FNDA:3,(anonymous_6)
FNDA:6,(anonymous_7)
FNDA:6,(anonymous_8)
FNDA:6,(anonymous_9)
FNDA:4,(anonymous_10)
FNDA:4,(anonymous_11)
DA:1,2
DA:3,2
DA:10,4
DA:11,1
DA:20,2
DA:21,2
DA:30,4
DA:31,1
DA:40,2
DA:41,2
DA:50,3
DA:51,3
DA:58,3
DA:62,3
DA:67,3
DA:68,3
DA:69,3
DA:78,3
DA:79,3
DA:86,3
DA:90,3
DA:95,3
DA:97,3
DA:105,6
DA:106,3
DA:115,6
DA:116,3
DA:121,6
DA:122,2
DA:125,4
DA:131,2
DA:137,2
DA:143,2
DA:147,4
DA:148,4
DA:149,4
DA:153,2
DA:157,4
DA:158,4
DA:159,4
LF:40
LH:40
BRDA:105,0,0,3
BRDA:105,0,1,3
BRDA:105,1,0,6
BRDA:105,1,1,5
BRDA:105,1,2,4
BRDA:115,2,0,3
BRDA:115,2,1,3
BRDA:115,3,0,6
BRDA:115,3,1,5
BRDA:115,3,2,4
BRDA:121,4,0,2
BRDA:121,4,1,4
BRF:12
BRH:12
end_of_record
TN:
SF:src\shared\infra\service\encrypt\encrypt.service.ts
FN:14,(anonymous_0)
FN:24,(anonymous_1)
FN:43,(anonymous_2)
FNF:3
FNH:3
FNDA:8,(anonymous_0)
FNDA:4,(anonymous_1)
FNDA:4,(anonymous_2)
DA:1,1
DA:4,1
DA:9,1
DA:19,8
DA:20,8
DA:21,8
DA:25,4
DA:27,3
DA:28,3
DA:29,1
DA:31,3
DA:38,1
DA:39,1
DA:44,4
DA:46,3
DA:47,3
DA:48,1
DA:50,3
DA:57,1
DA:58,1
LF:20
LH:20
BRDA:17,0,0,0
BRDA:25,1,0,1
BRDA:25,1,1,3
BRDA:28,2,0,1
BRDA:28,2,1,2
BRDA:44,3,0,1
BRDA:44,3,1,3
BRDA:47,4,0,1
BRDA:47,4,1,2
BRF:9
BRH:8
end_of_record
TN:
SF:src\shared\infra\service\handlebars\handlebars.service.ts
FN:35,(anonymous_13)
FN:52,(anonymous_14)
FN:59,(anonymous_15)
FN:63,(anonymous_16)
FN:71,(anonymous_17)
FN:103,(anonymous_18)
FN:120,(anonymous_19)
FN:176,(anonymous_20)
FN:180,(anonymous_21)
FN:184,(anonymous_22)
FN:190,(anonymous_23)
FN:203,(anonymous_24)
FN:217,(anonymous_25)
FN:219,(anonymous_26)
FN:220,(anonymous_27)
FN:221,(anonymous_28)
FN:224,(anonymous_29)
FN:226,(anonymous_30)
FN:227,(anonymous_31)
FN:234,(anonymous_32)
FN:247,(anonymous_33)
FN:259,(anonymous_34)
FN:267,(anonymous_35)
FN:268,(anonymous_36)
FN:269,(anonymous_37)
FN:270,(anonymous_38)
FN:275,(anonymous_39)
FN:283,(anonymous_40)
FN:305,(anonymous_41)
FN:307,(anonymous_42)
FN:317,(anonymous_43)
FN:320,(anonymous_44)
FN:326,(anonymous_45)
FN:328,(anonymous_46)
FN:335,(anonymous_47)
FN:337,(anonymous_48)
FN:343,(anonymous_49)
FN:345,(anonymous_50)
FN:356,(anonymous_51)
FN:362,(anonymous_52)
FN:366,(anonymous_53)
FN:383,(anonymous_54)
FN:386,(anonymous_55)
FN:391,(anonymous_56)
FN:409,(anonymous_57)
FN:431,(anonymous_58)
FN:441,(anonymous_59)
FN:465,(anonymous_60)
FN:467,(anonymous_61)
FN:474,(anonymous_62)
FN:477,recurse
FN:481,(anonymous_64)
FN:485,(anonymous_65)
FN:499,(anonymous_66)
FN:503,(anonymous_67)
FN:507,(anonymous_68)
FN:517,(anonymous_69)
FN:524,(anonymous_70)
FN:525,(anonymous_71)
FN:526,(anonymous_72)
FN:527,(anonymous_73)
FN:530,(anonymous_74)
FN:532,(anonymous_75)
FN:538,(anonymous_76)
FN:539,(anonymous_77)
FN:540,(anonymous_78)
FN:543,(anonymous_79)
FN:549,(anonymous_80)
FN:552,(anonymous_81)
FN:559,(anonymous_82)
FN:562,(anonymous_83)
FN:569,(anonymous_84)
FN:571,(anonymous_85)
FN:572,(anonymous_86)
FN:573,(anonymous_87)
FN:574,(anonymous_88)
FN:575,(anonymous_89)
FN:576,(anonymous_90)
FN:577,(anonymous_91)
FN:583,(anonymous_92)
FN:595,(anonymous_93)
FN:608,(anonymous_94)
FN:621,(anonymous_95)
FN:624,(anonymous_96)
FN:637,(anonymous_97)
FN:640,(anonymous_98)
FN:643,(anonymous_99)
FN:652,(anonymous_100)
FN:653,(anonymous_101)
FN:656,(anonymous_102)
FN:659,(anonymous_103)
FN:666,(anonymous_104)
FN:683,(anonymous_105)
FNF:93
FNH:26
FNDA:3,(anonymous_13)
FNDA:10,(anonymous_14)
FNDA:0,(anonymous_15)
FNDA:0,(anonymous_16)
FNDA:6,(anonymous_17)
FNDA:2,(anonymous_18)
FNDA:4,(anonymous_19)
FNDA:4,(anonymous_20)
FNDA:17,(anonymous_21)
FNDA:3,(anonymous_22)
FNDA:1,(anonymous_23)
FNDA:1,(anonymous_24)
FNDA:10,(anonymous_25)
FNDA:0,(anonymous_26)
FNDA:0,(anonymous_27)
FNDA:0,(anonymous_28)
FNDA:0,(anonymous_29)
FNDA:0,(anonymous_30)
FNDA:0,(anonymous_31)
FNDA:0,(anonymous_32)
FNDA:0,(anonymous_33)
FNDA:0,(anonymous_34)
FNDA:0,(anonymous_35)
FNDA:0,(anonymous_36)
FNDA:0,(anonymous_37)
FNDA:0,(anonymous_38)
FNDA:0,(anonymous_39)
FNDA:0,(anonymous_40)
FNDA:0,(anonymous_41)
FNDA:0,(anonymous_42)
FNDA:0,(anonymous_43)
FNDA:0,(anonymous_44)
FNDA:0,(anonymous_45)
FNDA:0,(anonymous_46)
FNDA:0,(anonymous_47)
FNDA:0,(anonymous_48)
FNDA:0,(anonymous_49)
FNDA:0,(anonymous_50)
FNDA:0,(anonymous_51)
FNDA:0,(anonymous_52)
FNDA:0,(anonymous_53)
FNDA:0,(anonymous_54)
FNDA:4,(anonymous_55)
FNDA:0,(anonymous_56)
FNDA:0,(anonymous_57)
FNDA:0,(anonymous_58)
FNDA:0,(anonymous_59)
FNDA:0,(anonymous_60)
FNDA:0,(anonymous_61)
FNDA:0,(anonymous_62)
FNDA:0,recurse
FNDA:0,(anonymous_64)
FNDA:0,(anonymous_65)
FNDA:0,(anonymous_66)
FNDA:0,(anonymous_67)
FNDA:0,(anonymous_68)
FNDA:0,(anonymous_69)
FNDA:0,(anonymous_70)
FNDA:0,(anonymous_71)
FNDA:0,(anonymous_72)
FNDA:0,(anonymous_73)
FNDA:0,(anonymous_74)
FNDA:0,(anonymous_75)
FNDA:0,(anonymous_76)
FNDA:0,(anonymous_77)
FNDA:0,(anonymous_78)
FNDA:0,(anonymous_79)
FNDA:0,(anonymous_80)
FNDA:0,(anonymous_81)
FNDA:0,(anonymous_82)
FNDA:0,(anonymous_83)
FNDA:0,(anonymous_84)
FNDA:0,(anonymous_85)
FNDA:0,(anonymous_86)
FNDA:0,(anonymous_87)
FNDA:0,(anonymous_88)
FNDA:0,(anonymous_89)
FNDA:0,(anonymous_90)
FNDA:0,(anonymous_91)
FNDA:3,(anonymous_92)
FNDA:1,(anonymous_93)
FNDA:1,(anonymous_94)
FNDA:7,(anonymous_95)
FNDA:5,(anonymous_96)
FNDA:7,(anonymous_97)
FNDA:1,(anonymous_98)
FNDA:1,(anonymous_99)
FNDA:2,(anonymous_100)
FNDA:5,(anonymous_101)
FNDA:2,(anonymous_102)
FNDA:3,(anonymous_103)
FNDA:9,(anonymous_104)
FNDA:6,(anonymous_105)
DA:1,1
DA:3,1
DA:5,1
DA:6,1
DA:7,1
DA:29,1
DA:36,3
DA:40,1
DA:42,1
DA:45,1
DA:46,10
DA:47,10
DA:54,10
DA:56,10
DA:60,0
DA:64,0
DA:72,6
DA:73,0
DA:76,6
DA:78,6
DA:79,1
DA:86,1
DA:88,5
DA:89,5
DA:91,5
DA:104,2
DA:106,2
DA:107,1
DA:108,1
DA:111,2
DA:113,2
DA:114,1
DA:115,1
DA:117,1
DA:134,4
DA:136,4
DA:137,4
DA:138,4
DA:139,4
DA:141,4
DA:148,4
DA:150,4
DA:151,1
DA:154,4
DA:155,1
DA:160,3
DA:167,3
DA:168,0
DA:173,3
DA:177,4
DA:181,17
DA:187,3
DA:191,1
DA:192,1
DA:204,1
DA:210,1
DA:214,1
DA:219,10
DA:220,10
DA:221,10
DA:222,0
DA:224,0
DA:226,10
DA:227,10
DA:228,0
DA:232,10
DA:235,0
DA:236,0
DA:237,0
DA:238,0
DA:239,0
DA:241,0
DA:245,10
DA:248,0
DA:249,0
DA:250,0
DA:251,0
DA:252,0
DA:253,0
DA:257,10
DA:260,0
DA:261,0
DA:262,0
DA:267,10
DA:268,10
DA:269,10
DA:270,10
DA:271,0
DA:273,10
DA:276,0
DA:281,10
DA:284,0
DA:285,0
DA:287,0
DA:289,0
DA:291,0
DA:293,0
DA:295,0
DA:297,0
DA:303,10
DA:306,0
DA:307,0
DA:308,0
DA:309,0
DA:310,0
DA:311,0
DA:317,10
DA:318,0
DA:320,0
DA:324,10
DA:327,0
DA:328,0
DA:333,10
DA:336,0
DA:337,0
DA:341,10
DA:344,0
DA:345,0
DA:346,0
DA:347,0
DA:348,0
DA:349,0
DA:354,10
DA:357,0
DA:358,0
DA:359,0
DA:360,0
DA:362,0
DA:364,0
DA:366,0
DA:367,0
DA:372,0
DA:373,0
DA:377,0
DA:379,0
DA:383,10
DA:384,0
DA:386,10
DA:389,10
DA:392,0
DA:407,10
DA:415,0
DA:419,0
DA:422,0
DA:429,10
DA:432,0
DA:439,10
DA:442,0
DA:443,0
DA:447,0
DA:448,0
DA:452,0
DA:453,0
DA:458,0
DA:463,10
DA:466,0
DA:467,0
DA:474,10
DA:475,0
DA:478,0
DA:479,0
DA:480,0
DA:481,0
DA:482,0
DA:485,0
DA:486,0
DA:494,0
DA:495,0
DA:499,10
DA:500,0
DA:503,10
DA:504,0
DA:507,10
DA:508,0
DA:522,0
DA:524,0
DA:525,0
DA:526,0
DA:527,0
DA:531,0
DA:533,0
DA:534,0
DA:538,0
DA:539,0
DA:540,0
DA:544,0
DA:550,0
DA:553,0
DA:560,0
DA:562,0
DA:565,0
DA:566,0
DA:570,0
DA:571,0
DA:572,0
DA:573,0
DA:574,0
DA:575,0
DA:576,0
DA:577,0
DA:580,0
DA:588,3
DA:589,3
DA:590,1
DA:594,3
DA:595,1
DA:596,1
DA:602,3
DA:605,3
DA:609,1
DA:610,0
DA:613,1
DA:621,7
DA:625,5
DA:626,0
DA:629,5
DA:637,7
DA:641,1
DA:643,1
DA:644,1
DA:645,1
DA:646,1
DA:649,1
DA:653,5
DA:657,2
DA:658,2
DA:659,2
DA:660,3
DA:661,3
DA:663,2
DA:667,9
DA:669,9
DA:670,9
DA:671,3
DA:672,3
DA:675,9
DA:680,2
DA:683,7
DA:684,6
DA:685,1
DA:686,1
DA:687,5
DA:692,5
DA:694,0
DA:697,7
DA:699,0
LF:246
LH:125
BRDA:72,0,0,0
BRDA:72,0,1,6
BRDA:78,1,0,1
BRDA:78,1,1,5
BRDA:106,2,0,1
BRDA:106,2,1,1
BRDA:106,3,0,2
BRDA:106,3,1,1
BRDA:113,4,0,1
BRDA:113,4,1,1
BRDA:150,5,0,1
BRDA:150,5,1,3
BRDA:150,6,0,4
BRDA:150,6,1,2
BRDA:154,7,0,1
BRDA:154,7,1,3
BRDA:167,8,0,0
BRDA:167,8,1,3
BRDA:235,9,0,0
BRDA:235,9,1,0
BRDA:237,10,0,0
BRDA:237,10,1,0
BRDA:240,11,0,0
BRDA:240,11,1,0
BRDA:248,12,0,0
BRDA:248,12,1,0
BRDA:250,13,0,0
BRDA:250,13,1,0
BRDA:259,14,0,0
BRDA:260,15,0,0
BRDA:260,15,1,0
BRDA:262,16,0,0
BRDA:262,16,1,0
BRDA:271,17,0,0
BRDA:271,17,1,0
BRDA:275,18,0,0
BRDA:283,19,0,0
BRDA:285,20,0,0
BRDA:285,20,1,0
BRDA:285,20,2,0
BRDA:285,20,3,0
BRDA:285,20,4,0
BRDA:285,20,5,0
BRDA:306,21,0,0
BRDA:306,21,1,0
BRDA:309,22,0,0
BRDA:309,22,1,0
BRDA:327,23,0,0
BRDA:327,23,1,0
BRDA:336,24,0,0
BRDA:336,24,1,0
BRDA:344,25,0,0
BRDA:344,25,1,0
BRDA:347,26,0,0
BRDA:347,26,1,0
BRDA:357,27,0,0
BRDA:357,27,1,0
BRDA:358,28,0,0
BRDA:358,28,1,0
BRDA:367,29,0,0
BRDA:367,29,1,0
BRDA:368,30,0,0
BRDA:368,30,1,0
BRDA:368,30,2,0
BRDA:384,31,0,0
BRDA:384,31,1,0
BRDA:419,32,0,0
BRDA:419,32,1,0
BRDA:422,33,0,0
BRDA:422,33,1,0
BRDA:431,34,0,0
BRDA:431,35,0,0
BRDA:442,36,0,0
BRDA:442,36,1,0
BRDA:447,37,0,0
BRDA:447,37,1,0
BRDA:452,38,0,0
BRDA:452,38,1,0
BRDA:465,39,0,0
BRDA:465,40,0,0
BRDA:466,41,0,0
BRDA:466,41,1,0
BRDA:466,42,0,0
BRDA:466,42,1,0
BRDA:474,43,0,0
BRDA:478,44,0,0
BRDA:478,44,1,0
BRDA:480,45,0,0
BRDA:480,45,1,0
BRDA:488,46,0,0
BRDA:488,46,1,0
BRDA:500,47,0,0
BRDA:500,47,1,0
BRDA:504,48,0,0
BRDA:504,48,1,0
BRDA:509,49,0,0
BRDA:509,49,1,0
BRDA:509,49,2,0
BRDA:509,49,3,0
BRDA:509,49,4,0
BRDA:509,49,5,0
BRDA:509,49,6,0
BRDA:532,50,0,0
BRDA:534,51,0,0
BRDA:534,51,1,0
BRDA:538,52,0,0
BRDA:539,53,0,0
BRDA:543,54,0,0
BRDA:559,55,0,0
BRDA:566,56,0,0
BRDA:566,56,1,0
BRDA:573,57,0,0
BRDA:573,57,1,0
BRDA:576,58,0,0
BRDA:576,58,1,0
BRDA:580,59,0,0
BRDA:580,59,1,0
BRDA:589,60,0,1
BRDA:589,60,1,2
BRDA:594,61,0,1
BRDA:594,61,1,2
BRDA:609,62,0,0
BRDA:609,62,1,1
BRDA:625,63,0,0
BRDA:625,63,1,5
BRDA:660,64,0,0
BRDA:660,64,1,3
BRDA:670,65,0,3
BRDA:670,65,1,6
BRDA:672,66,0,3
BRDA:672,66,1,0
BRDA:675,67,0,2
BRDA:675,67,1,7
BRDA:676,68,0,9
BRDA:676,68,1,7
BRDA:676,68,2,7
BRDA:684,69,0,1
BRDA:684,69,1,5
BRDA:686,70,0,1
BRDA:686,70,1,0
BRDA:687,71,0,5
BRDA:687,71,1,0
BRDA:688,72,0,5
BRDA:688,72,1,5
BRDA:688,72,2,5
BRDA:699,73,0,0
BRDA:699,73,1,0
BRF:147
BRH:38
end_of_record
TN:
SF:src\shared\infra\service\jwt\jwt.service.ts
FN:21,(anonymous_2)
FN:38,(anonymous_3)
FNF:2
FNH:2
FNDA:1,(anonymous_2)
FNDA:1,(anonymous_3)
DA:1,1
DA:2,1
DA:4,1
DA:17,1
DA:22,1
DA:23,1
DA:25,1
DA:31,1
DA:42,1
LF:9
LH:9
BRDA:39,0,0,1
BRDA:40,1,0,1
BRF:2
BRH:2
end_of_record
TN:
SF:src\shared\infra\service\lz\lz.service.ts
FN:13,(anonymous_0)
FN:43,(anonymous_1)
FNF:2
FNH:2
FNDA:10,(anonymous_0)
FNDA:9,(anonymous_1)
DA:1,1
DA:3,1
DA:4,1
DA:5,1
DA:10,1
DA:12,1
DA:14,10
DA:16,7
DA:18,7
DA:19,7
DA:22,3
DA:27,1
DA:29,1
DA:31,1
DA:33,1
DA:38,2
DA:39,2
DA:44,9
DA:46,6
DA:48,6
DA:49,6
DA:52,2
DA:57,1
DA:59,1
DA:61,1
DA:65,1
DA:70,2
DA:71,2
LF:28
LH:28
BRDA:14,0,0,3
BRDA:14,0,1,7
BRDA:16,1,0,7
BRDA:16,1,1,2
BRDA:19,2,0,2
BRDA:19,2,1,3
BRDA:19,2,2,1
BRDA:19,2,3,1
BRDA:19,2,4,1
BRDA:19,2,5,1
BRDA:44,3,0,3
BRDA:44,3,1,6
BRDA:46,4,0,6
BRDA:46,4,1,1
BRDA:49,5,0,1
BRDA:49,5,1,2
BRDA:49,5,2,1
BRDA:49,5,3,1
BRDA:49,5,4,1
BRDA:49,5,5,1
BRF:20
BRH:20
end_of_record
TN:
SF:src\shared\util\cors.util.ts
FN:3,(anonymous_0)
FNF:1
FNH:1
FNDA:7,(anonymous_0)
DA:1,1
DA:3,1
DA:4,7
DA:5,7
DA:6,3
DA:9,4
DA:10,4
DA:11,1
DA:14,3
DA:15,3
DA:16,1
DA:19,2
LF:12
LH:12
BRDA:5,0,0,3
BRDA:5,0,1,4
BRDA:10,1,0,1
BRDA:10,1,1,3
BRDA:15,2,0,1
BRDA:15,2,1,2
BRF:6
BRH:6
end_of_record
TN:
SF:src\shared\util\date.util.ts
FN:1,(anonymous_0)
FN:7,(anonymous_1)
FN:10,(anonymous_2)
FN:17,(anonymous_3)
FN:28,(anonymous_4)
FNF:5
FNH:5
FNDA:1,(anonymous_0)
FNDA:2,(anonymous_1)
FNDA:8,(anonymous_2)
FNDA:5,(anonymous_3)
FNDA:6,(anonymous_4)
DA:1,1
DA:2,1
DA:7,1
DA:10,8
DA:11,2
DA:17,1
DA:18,5
DA:19,5
DA:20,5
DA:21,5
DA:22,5
DA:25,5
DA:28,1
DA:29,6
DA:30,6
DA:32,6
DA:33,6
DA:34,6
DA:35,6
DA:37,6
DA:38,5
DA:39,4
DA:40,3
DA:41,2
DA:42,1
LF:25
LH:25
BRDA:22,0,0,0
BRDA:22,0,1,5
BRDA:22,1,0,1
BRDA:22,1,1,4
BRDA:22,2,0,4
BRDA:22,2,1,3
BRDA:22,3,0,1
BRDA:22,3,1,4
BRDA:25,4,0,1
BRDA:25,4,1,4
BRDA:25,5,0,5
BRDA:25,5,1,1
BRDA:34,6,0,0
BRDA:34,6,1,6
BRDA:34,7,0,2
BRDA:34,7,1,4
BRDA:34,8,0,4
BRDA:34,8,1,3
BRDA:37,9,0,1
BRDA:37,9,1,5
BRDA:38,10,0,1
BRDA:38,10,1,4
BRDA:39,11,0,1
BRDA:39,11,1,3
BRDA:40,12,0,1
BRDA:40,12,1,2
BRDA:41,13,0,1
BRDA:41,13,1,1
BRF:28
BRH:26
end_of_record
TN:
SF:src\shared\util\handlebars.util.ts
FN:1,(anonymous_0)
FNF:1
FNH:1
FNDA:8,(anonymous_0)
DA:1,1
DA:2,8
LF:2
LH:2
BRDA:1,0,0,1
BRF:1
BRH:1
end_of_record
TN:
SF:src\shared\util\hash.util.ts
FN:8,fnv1a
FNF:1
FNH:1
FNDA:8,fnv1a
DA:1,6
DA:8,6
DA:9,8
DA:11,8
DA:12,206
DA:13,206
DA:16,8
LF:7
LH:7
BRF:0
BRH:0
end_of_record
TN:
SF:src\shared\util\json.util.ts
FN:4,(anonymous_0)
FN:10,(anonymous_1)
FN:27,(anonymous_2)
FNF:3
FNH:3
FNDA:334,(anonymous_0)
FNDA:2245,(anonymous_1)
FNDA:8,(anonymous_2)
DA:4,24
DA:5,334
DA:6,332
DA:7,332
DA:8,332
DA:11,2245
DA:12,857
DA:13,856
DA:15,2244
DA:23,1
DA:27,24
DA:28,8
DA:29,8
DA:30,8
DA:32,1
LF:15
LH:15
BRDA:5,0,0,2
BRDA:5,0,1,332
BRDA:11,1,0,857
BRDA:11,1,1,1388
BRDA:11,2,0,2245
BRDA:11,2,1,2244
BRDA:12,3,0,1
BRDA:12,3,1,856
BRDA:28,4,0,0
BRDA:28,4,1,8
BRF:10
BRH:9
end_of_record
TN:
SF:src\shared\util\message-broker-get-dlq-queue-default-ending.util.ts
FN:3,(anonymous_0)
FNF:1
FNH:1
FNDA:2,(anonymous_0)
DA:1,3
DA:3,3
DA:4,2
LF:3
LH:3
BRF:0
BRH:0
end_of_record
TN:
SF:src\shared\util\netwin-patterns.util.ts
FN:149,(anonymous_0)
FNF:1
FNH:1
FNDA:13,(anonymous_0)
DA:5,1
DA:149,1
DA:153,13
LF:3
LH:3
BRDA:153,0,0,13
BRDA:153,0,1,1
BRF:2
BRH:2
end_of_record
TN:
SF:src\shared\util\tmf-list-query.util.ts
FN:12,normalizePagination
FN:25,parseRequestedFields
FN:35,(anonymous_2)
FN:42,(anonymous_3)
FN:53,filterByRequestedFields
FNF:5
FNH:5
FNDA:18,normalizePagination
FNDA:29,parseRequestedFields
FNDA:33,(anonymous_2)
FNDA:33,(anonymous_3)
FNDA:22,filterByRequestedFields
DA:1,12
DA:3,12
DA:4,12
DA:5,12
DA:12,12
DA:16,18
DA:17,18
DA:22,18
DA:25,12
DA:29,29
DA:30,14
DA:33,15
DA:35,33
DA:38,15
DA:39,0
DA:42,33
DA:44,15
DA:45,7
DA:50,8
DA:53,12
DA:57,22
DA:58,15
DA:61,7
DA:62,7
DA:63,16
DA:64,16
DA:68,7
LF:27
LH:26
BRDA:16,0,0,18
BRDA:16,0,1,15
BRDA:18,1,0,18
BRDA:18,1,1,15
BRDA:29,2,0,14
BRDA:29,2,1,15
BRDA:29,3,0,29
BRDA:29,3,1,15
BRDA:38,4,0,0
BRDA:38,4,1,15
BRDA:44,5,0,7
BRDA:44,5,1,8
BRDA:57,6,0,15
BRDA:57,6,1,7
BRDA:63,7,0,16
BRDA:63,7,1,0
BRF:16
BRH:14
end_of_record
TN:
SF:src\shared\util\try-catch.util.ts
FN:12,tryCatch
FN:17,(anonymous_1)
FN:18,(anonymous_2)
FNF:3
FNH:3
FNDA:14,tryCatch
FNDA:4,(anonymous_1)
FNDA:1,(anonymous_2)
DA:12,1
DA:15,14
DA:16,5
DA:17,4
DA:18,1
DA:21,9
DA:22,9
DA:23,6
DA:25,3
LF:9
LH:9
BRDA:15,0,0,5
BRDA:15,0,1,9
BRF:2
BRH:2
end_of_record
TN:
SF:src\shared\util\xml.util.ts
FN:5,(anonymous_0)
FN:10,(anonymous_1)
FN:14,(anonymous_2)
FNF:3
FNH:3
FNDA:6,(anonymous_0)
FNDA:3,(anonymous_1)
FNDA:4,(anonymous_2)
DA:1,1
DA:3,1
DA:5,1
DA:6,6
DA:7,6
DA:10,1
DA:11,3
DA:14,1
DA:15,4
DA:19,3
DA:20,2
DA:21,2
DA:25,2
DA:27,2
DA:29,0
DA:32,1
DA:35,3
LF:17
LH:16
BRDA:7,0,0,6
BRDA:7,0,1,2
BRDA:15,1,0,1
BRDA:15,1,1,3
BRDA:19,2,0,2
BRDA:19,2,1,1
BRF:6
BRH:6
end_of_record
